{"/home/holger/jdevel/goplantatree/homepage/backend/server.js": {"path":"/home/holger/jdevel/goplantatree/homepage/backend/server.js","statementMap":{"0":{"start":{"line":24,"column":0},"end":{"line":24,"column":null}},"1":{"start":{"line":26,"column":6},"end":{"line":26,"column":57}},"2":{"start":{"line":27,"column":6},"end":{"line":27,"column":21}},"3":{"start":{"line":28,"column":13},"end":{"line":28,"column":null}},"4":{"start":{"line":31,"column":0},"end":{"line":31,"column":null}},"5":{"start":{"line":32,"column":0},"end":{"line":32,"column":null}},"6":{"start":{"line":33,"column":0},"end":{"line":33,"column":null}},"7":{"start":{"line":36,"column":0},"end":{"line":48,"column":null}},"8":{"start":{"line":37,"column":4},"end":{"line":46,"column":null}},"9":{"start":{"line":38,"column":22},"end":{"line":38,"column":100}},"10":{"start":{"line":39,"column":8},"end":{"line":40,"column":null}},"11":{"start":{"line":40,"column":12},"end":{"line":40,"column":null}},"12":{"start":{"line":42,"column":8},"end":{"line":42,"column":null}},"13":{"start":{"line":43,"column":8},"end":{"line":43,"column":null}},"14":{"start":{"line":44,"column":8},"end":{"line":44,"column":null}},"15":{"start":{"line":46,"column":8},"end":{"line":46,"column":null}},"16":{"start":{"line":51,"column":0},"end":{"line":51,"column":null}},"17":{"start":{"line":52,"column":0},"end":{"line":52,"column":null}},"18":{"start":{"line":53,"column":0},"end":{"line":53,"column":null}},"19":{"start":{"line":54,"column":0},"end":{"line":54,"column":null}},"20":{"start":{"line":55,"column":0},"end":{"line":55,"column":null}},"21":{"start":{"line":56,"column":0},"end":{"line":56,"column":null}},"22":{"start":{"line":57,"column":0},"end":{"line":57,"column":null}},"23":{"start":{"line":58,"column":0},"end":{"line":58,"column":null}},"24":{"start":{"line":59,"column":0},"end":{"line":59,"column":null}},"25":{"start":{"line":60,"column":0},"end":{"line":60,"column":null}},"26":{"start":{"line":61,"column":0},"end":{"line":61,"column":null}},"27":{"start":{"line":62,"column":0},"end":{"line":62,"column":null}},"28":{"start":{"line":65,"column":0},"end":{"line":67,"column":null}},"29":{"start":{"line":66,"column":4},"end":{"line":66,"column":null}},"30":{"start":{"line":70,"column":0},"end":{"line":70,"column":null}},"31":{"start":{"line":73,"column":0},"end":{"line":78,"column":null}},"32":{"start":{"line":74,"column":4},"end":{"line":78,"column":null}},"33":{"start":{"line":75,"column":8},"end":{"line":77,"column":null}},"34":{"start":{"line":76,"column":12},"end":{"line":76,"column":null}}},"fnMap":{"0":{"name":"(anonymous_0)","decl":{"start":{"line":36,"column":30},"end":{"line":36,"column":37}},"loc":{"start":{"line":36,"column":56},"end":{"line":48,"column":null}},"line":36},"1":{"name":"(anonymous_1)","decl":{"start":{"line":65,"column":8},"end":{"line":65,"column":27}},"loc":{"start":{"line":65,"column":40},"end":{"line":67,"column":null}},"line":65},"2":{"name":"(anonymous_2)","decl":{"start":{"line":74,"column":16},"end":{"line":74,"column":27}},"loc":{"start":{"line":74,"column":27},"end":{"line":78,"column":null}},"line":74},"3":{"name":"(anonymous_3)","decl":{"start":{"line":75,"column":19},"end":{"line":75,"column":31}},"loc":{"start":{"line":75,"column":31},"end":{"line":77,"column":null}},"line":75}},"branchMap":{"0":{"loc":{"start":{"line":28,"column":13},"end":{"line":28,"column":null}},"type":"binary-expr","locations":[{"start":{"line":28,"column":13},"end":{"line":28,"column":33}},{"start":{"line":28,"column":33},"end":{"line":28,"column":null}}],"line":28},"1":{"loc":{"start":{"line":39,"column":8},"end":{"line":40,"column":null}},"type":"if","locations":[{"start":{"line":39,"column":8},"end":{"line":40,"column":null}},{"start":{},"end":{}}],"line":39},"2":{"loc":{"start":{"line":39,"column":12},"end":{"line":39,"column":35}},"type":"binary-expr","locations":[{"start":{"line":39,"column":12},"end":{"line":39,"column":22}},{"start":{"line":39,"column":22},"end":{"line":39,"column":35}}],"line":39},"3":{"loc":{"start":{"line":73,"column":0},"end":{"line":78,"column":null}},"type":"if","locations":[{"start":{"line":73,"column":0},"end":{"line":78,"column":null}},{"start":{},"end":{}}],"line":73}},"s":{"0":10,"1":10,"2":10,"3":10,"4":10,"5":10,"6":10,"7":10,"8":0,"9":0,"10":0,"11":0,"12":0,"13":0,"14":0,"15":0,"16":10,"17":10,"18":10,"19":10,"20":10,"21":10,"22":10,"23":10,"24":10,"25":10,"26":10,"27":10,"28":10,"29":0,"30":10,"31":10,"32":0,"33":0,"34":0},"f":{"0":0,"1":0,"2":0,"3":0},"b":{"0":[10,0],"1":[0,0],"2":[0,0],"3":[0,10]},"meta":{"lastBranch":4,"lastFunction":4,"lastStatement":35,"seen":{"s:24:0:24:Infinity":0,"s:26:6:26:57":1,"s:27:6:27:21":2,"s:28:13:28:Infinity":3,"b:28:13:28:33:28:33:28:Infinity":0,"s:31:0:31:Infinity":4,"s:32:0:32:Infinity":5,"s:33:0:33:Infinity":6,"s:36:0:48:Infinity":7,"f:36:30:36:37":0,"s:37:4:46:Infinity":8,"s:38:22:38:100":9,"b:39:8:40:Infinity:undefined:undefined:undefined:undefined":1,"s:39:8:40:Infinity":10,"b:39:12:39:22:39:22:39:35":2,"s:40:12:40:Infinity":11,"s:42:8:42:Infinity":12,"s:43:8:43:Infinity":13,"s:44:8:44:Infinity":14,"s:46:8:46:Infinity":15,"s:51:0:51:Infinity":16,"s:52:0:52:Infinity":17,"s:53:0:53:Infinity":18,"s:54:0:54:Infinity":19,"s:55:0:55:Infinity":20,"s:56:0:56:Infinity":21,"s:57:0:57:Infinity":22,"s:58:0:58:Infinity":23,"s:59:0:59:Infinity":24,"s:60:0:60:Infinity":25,"s:61:0:61:Infinity":26,"s:62:0:62:Infinity":27,"s:65:0:67:Infinity":28,"f:65:8:65:27":1,"s:66:4:66:Infinity":29,"s:70:0:70:Infinity":30,"b:73:0:78:Infinity:undefined:undefined:undefined:undefined":3,"s:73:0:78:Infinity":31,"s:74:4:78:Infinity":32,"f:74:16:74:27":2,"s:75:8:77:Infinity":33,"f:75:19:75:31":3,"s:76:12:76:Infinity":34}}}
,"/home/holger/jdevel/goplantatree/homepage/backend/src/config/db.js": {"path":"/home/holger/jdevel/goplantatree/homepage/backend/src/config/db.js","statementMap":{"0":{"start":{"line":4,"column":0},"end":{"line":4,"column":null}},"1":{"start":{"line":6,"column":18},"end":{"line":14,"column":1}},"2":{"start":{"line":7,"column":4},"end":{"line":13,"column":null}},"3":{"start":{"line":8,"column":8},"end":{"line":8,"column":null}},"4":{"start":{"line":9,"column":8},"end":{"line":9,"column":null}},"5":{"start":{"line":11,"column":8},"end":{"line":11,"column":null}},"6":{"start":{"line":12,"column":8},"end":{"line":12,"column":null}}},"fnMap":{"0":{"name":"(anonymous_0)","decl":{"start":{"line":6,"column":18},"end":{"line":6,"column":23}},"loc":{"start":{"line":6,"column":30},"end":{"line":14,"column":1}},"line":6}},"branchMap":{},"s":{"0":10,"1":10,"2":0,"3":0,"4":0,"5":0,"6":0},"f":{"0":0},"b":{},"meta":{"lastBranch":0,"lastFunction":1,"lastStatement":7,"seen":{"s:4:0:4:Infinity":0,"s:6:18:14:1":1,"f:6:18:6:23":0,"s:7:4:13:Infinity":2,"s:8:8:8:Infinity":3,"s:9:8:9:Infinity":4,"s:11:8:11:Infinity":5,"s:12:8:12:Infinity":6}}}
,"/home/holger/jdevel/goplantatree/homepage/backend/src/middleware/auth.js": {"path":"/home/holger/jdevel/goplantatree/homepage/backend/src/middleware/auth.js","statementMap":{"0":{"start":{"line":7,"column":13},"end":{"line":21,"column":1}},"1":{"start":{"line":8,"column":19},"end":{"line":8,"column":44}},"2":{"start":{"line":9,"column":4},"end":{"line":11,"column":null}},"3":{"start":{"line":10,"column":8},"end":{"line":10,"column":null}},"4":{"start":{"line":13,"column":18},"end":{"line":13,"column":38}},"5":{"start":{"line":14,"column":4},"end":{"line":20,"column":null}},"6":{"start":{"line":15,"column":24},"end":{"line":15,"column":65}},"7":{"start":{"line":16,"column":8},"end":{"line":16,"column":null}},"8":{"start":{"line":17,"column":8},"end":{"line":17,"column":null}},"9":{"start":{"line":19,"column":8},"end":{"line":19,"column":null}},"10":{"start":{"line":27,"column":26},"end":{"line":46,"column":1}},"11":{"start":{"line":28,"column":4},"end":{"line":45,"column":null}},"12":{"start":{"line":29,"column":8},"end":{"line":31,"column":null}},"13":{"start":{"line":30,"column":12},"end":{"line":30,"column":null}},"14":{"start":{"line":33,"column":25},"end":{"line":33,"column":55}},"15":{"start":{"line":34,"column":8},"end":{"line":36,"column":null}},"16":{"start":{"line":35,"column":12},"end":{"line":35,"column":null}},"17":{"start":{"line":38,"column":22},"end":{"line":38,"column":38}},"18":{"start":{"line":39,"column":8},"end":{"line":41,"column":null}},"19":{"start":{"line":40,"column":12},"end":{"line":40,"column":null}},"20":{"start":{"line":43,"column":8},"end":{"line":43,"column":36}},"21":{"start":{"line":44,"column":8},"end":{"line":44,"column":null}},"22":{"start":{"line":51,"column":21},"end":{"line":62,"column":1}},"23":{"start":{"line":52,"column":19},"end":{"line":52,"column":44}},"24":{"start":{"line":53,"column":4},"end":{"line":60,"column":null}},"25":{"start":{"line":54,"column":22},"end":{"line":54,"column":42}},"26":{"start":{"line":55,"column":8},"end":{"line":59,"column":null}},"27":{"start":{"line":56,"column":12},"end":{"line":56,"column":null}},"28":{"start":{"line":61,"column":4},"end":{"line":61,"column":null}}},"fnMap":{"0":{"name":"(anonymous_0)","decl":{"start":{"line":7,"column":13},"end":{"line":7,"column":14}},"loc":{"start":{"line":7,"column":33},"end":{"line":21,"column":1}},"line":7},"1":{"name":"(anonymous_1)","decl":{"start":{"line":27,"column":26},"end":{"line":27,"column":27}},"loc":{"start":{"line":27,"column":48},"end":{"line":46,"column":1}},"line":27},"2":{"name":"(anonymous_2)","decl":{"start":{"line":28,"column":11},"end":{"line":28,"column":12}},"loc":{"start":{"line":28,"column":31},"end":{"line":45,"column":5}},"line":28},"3":{"name":"(anonymous_3)","decl":{"start":{"line":51,"column":21},"end":{"line":51,"column":22}},"loc":{"start":{"line":51,"column":41},"end":{"line":62,"column":1}},"line":51}},"branchMap":{"0":{"loc":{"start":{"line":9,"column":4},"end":{"line":11,"column":null}},"type":"if","locations":[{"start":{"line":9,"column":4},"end":{"line":11,"column":null}},{"start":{},"end":{}}],"line":9},"1":{"loc":{"start":{"line":9,"column":8},"end":{"line":9,"column":48}},"type":"binary-expr","locations":[{"start":{"line":9,"column":8},"end":{"line":9,"column":15}},{"start":{"line":9,"column":19},"end":{"line":9,"column":48}}],"line":9},"2":{"loc":{"start":{"line":29,"column":8},"end":{"line":31,"column":null}},"type":"if","locations":[{"start":{"line":29,"column":8},"end":{"line":31,"column":null}},{"start":{},"end":{}}],"line":29},"3":{"loc":{"start":{"line":29,"column":12},"end":{"line":29,"column":46}},"type":"binary-expr","locations":[{"start":{"line":29,"column":12},"end":{"line":29,"column":21}},{"start":{"line":29,"column":25},"end":{"line":29,"column":46}}],"line":29},"4":{"loc":{"start":{"line":34,"column":8},"end":{"line":36,"column":null}},"type":"if","locations":[{"start":{"line":34,"column":8},"end":{"line":36,"column":null}},{"start":{},"end":{}}],"line":34},"5":{"loc":{"start":{"line":39,"column":8},"end":{"line":41,"column":null}},"type":"if","locations":[{"start":{"line":39,"column":8},"end":{"line":41,"column":null}},{"start":{},"end":{}}],"line":39},"6":{"loc":{"start":{"line":39,"column":12},"end":{"line":39,"column":38}},"type":"binary-expr","locations":[{"start":{"line":39,"column":12},"end":{"line":39,"column":18}},{"start":{"line":39,"column":22},"end":{"line":39,"column":38}}],"line":39},"7":{"loc":{"start":{"line":53,"column":4},"end":{"line":60,"column":null}},"type":"if","locations":[{"start":{"line":53,"column":4},"end":{"line":60,"column":null}},{"start":{},"end":{}}],"line":53},"8":{"loc":{"start":{"line":53,"column":8},"end":{"line":53,"column":46}},"type":"binary-expr","locations":[{"start":{"line":53,"column":8},"end":{"line":53,"column":14}},{"start":{"line":53,"column":18},"end":{"line":53,"column":46}}],"line":53}},"s":{"0":11,"1":29,"2":29,"3":9,"4":20,"5":20,"6":20,"7":20,"8":20,"9":1,"10":11,"11":334,"12":22,"13":1,"14":21,"15":21,"16":1,"17":20,"18":20,"19":4,"20":16,"21":16,"22":11,"23":21,"24":21,"25":3,"26":3,"27":3,"28":21},"f":{"0":29,"1":334,"2":22,"3":21},"b":{"0":[9,20],"1":[29,21],"2":[1,21],"3":[22,21],"4":[1,20],"5":[4,16],"6":[20,17],"7":[3,18],"8":[21,3]},"meta":{"lastBranch":9,"lastFunction":4,"lastStatement":29,"seen":{"s:7:13:21:1":0,"f:7:13:7:14":0,"s:8:19:8:44":1,"b:9:4:11:Infinity:undefined:undefined:undefined:undefined":0,"s:9:4:11:Infinity":2,"b:9:8:9:15:9:19:9:48":1,"s:10:8:10:Infinity":3,"s:13:18:13:38":4,"s:14:4:20:Infinity":5,"s:15:24:15:65":6,"s:16:8:16:Infinity":7,"s:17:8:17:Infinity":8,"s:19:8:19:Infinity":9,"s:27:26:46:1":10,"f:27:26:27:27":1,"s:28:4:45:Infinity":11,"f:28:11:28:12":2,"b:29:8:31:Infinity:undefined:undefined:undefined:undefined":2,"s:29:8:31:Infinity":12,"b:29:12:29:21:29:25:29:46":3,"s:30:12:30:Infinity":13,"s:33:25:33:55":14,"b:34:8:36:Infinity:undefined:undefined:undefined:undefined":4,"s:34:8:36:Infinity":15,"s:35:12:35:Infinity":16,"s:38:22:38:38":17,"b:39:8:41:Infinity:undefined:undefined:undefined:undefined":5,"s:39:8:41:Infinity":18,"b:39:12:39:18:39:22:39:38":6,"s:40:12:40:Infinity":19,"s:43:8:43:36":20,"s:44:8:44:Infinity":21,"s:51:21:62:1":22,"f:51:21:51:22":3,"s:52:19:52:44":23,"b:53:4:60:Infinity:undefined:undefined:undefined:undefined":7,"s:53:4:60:Infinity":24,"b:53:8:53:14:53:18:53:46":8,"s:54:22:54:42":25,"s:55:8:59:Infinity":26,"s:56:12:56:Infinity":27,"s:61:4:61:Infinity":28}}}
,"/home/holger/jdevel/goplantatree/homepage/backend/src/middleware/logger.js": {"path":"/home/holger/jdevel/goplantatree/homepage/backend/src/middleware/logger.js","statementMap":{"0":{"start":{"line":1,"column":13},"end":{"line":9,"column":null}},"1":{"start":{"line":2,"column":18},"end":{"line":2,"column":28}},"2":{"start":{"line":3,"column":4},"end":{"line":8,"column":null}},"3":{"start":{"line":4,"column":25},"end":{"line":4,"column":null}},"4":{"start":{"line":5,"column":23},"end":{"line":5,"column":null}},"5":{"start":{"line":6,"column":22},"end":{"line":6,"column":null}},"6":{"start":{"line":7,"column":8},"end":{"line":7,"column":null}},"7":{"start":{"line":9,"column":4},"end":{"line":9,"column":null}},"8":{"start":{"line":12,"column":13},"end":{"line":19,"column":null}},"9":{"start":{"line":13,"column":4},"end":{"line":13,"column":null}},"10":{"start":{"line":14,"column":4},"end":{"line":14,"column":null}},"11":{"start":{"line":14,"column":19},"end":{"line":14,"column":null}},"12":{"start":{"line":16,"column":4},"end":{"line":19,"column":null}}},"fnMap":{"0":{"name":"(anonymous_0)","decl":{"start":{"line":1,"column":13},"end":{"line":1,"column":23}},"loc":{"start":{"line":1,"column":42},"end":{"line":9,"column":null}},"line":1},"1":{"name":"(anonymous_1)","decl":{"start":{"line":3,"column":11},"end":{"line":3,"column":27}},"loc":{"start":{"line":3,"column":27},"end":{"line":8,"column":null}},"line":3},"2":{"name":"(anonymous_2)","decl":{"start":{"line":12,"column":13},"end":{"line":12,"column":29}},"loc":{"start":{"line":12,"column":53},"end":{"line":19,"column":null}},"line":12}},"branchMap":{"0":{"loc":{"start":{"line":6,"column":22},"end":{"line":6,"column":null}},"type":"cond-expr","locations":[{"start":{"line":6,"column":38},"end":{"line":6,"column":51}},{"start":{"line":6,"column":51},"end":{"line":6,"column":null}}],"line":6},"1":{"loc":{"start":{"line":6,"column":51},"end":{"line":6,"column":null}},"type":"cond-expr","locations":[{"start":{"line":6,"column":67},"end":{"line":6,"column":80}},{"start":{"line":6,"column":80},"end":{"line":6,"column":null}}],"line":6},"2":{"loc":{"start":{"line":14,"column":4},"end":{"line":14,"column":null}},"type":"if","locations":[{"start":{"line":14,"column":4},"end":{"line":14,"column":null}},{"start":{},"end":{}}],"line":14},"3":{"loc":{"start":{"line":16,"column":15},"end":{"line":16,"column":33}},"type":"binary-expr","locations":[{"start":{"line":16,"column":15},"end":{"line":16,"column":29}},{"start":{"line":16,"column":29},"end":{"line":16,"column":33}}],"line":16},"4":{"loc":{"start":{"line":17,"column":15},"end":{"line":17,"column":null}},"type":"binary-expr","locations":[{"start":{"line":17,"column":15},"end":{"line":17,"column":30}},{"start":{"line":17,"column":30},"end":{"line":17,"column":null}}],"line":17},"5":{"loc":{"start":{"line":18,"column":8},"end":{"line":18,"column":null}},"type":"binary-expr","locations":[{"start":{"line":18,"column":8},"end":{"line":18,"column":54}},{"start":{"line":18,"column":54},"end":{"line":18,"column":null}}],"line":18}},"s":{"0":10,"1":70,"2":70,"3":70,"4":70,"5":70,"6":70,"7":70,"8":10,"9":1,"10":1,"11":1,"12":1},"f":{"0":70,"1":70,"2":1},"b":{"0":[0,70],"1":[24,46],"2":[1,0],"3":[1,0],"4":[1,0],"5":[1,0]},"meta":{"lastBranch":6,"lastFunction":3,"lastStatement":13,"seen":{"s:1:13:9:Infinity":0,"f:1:13:1:23":0,"s:2:18:2:28":1,"s:3:4:8:Infinity":2,"f:3:11:3:27":1,"s:4:25:4:Infinity":3,"s:5:23:5:Infinity":4,"s:6:22:6:Infinity":5,"b:6:38:6:51:6:51:6:Infinity":0,"b:6:67:6:80:6:80:6:Infinity":1,"s:7:8:7:Infinity":6,"s:9:4:9:Infinity":7,"s:12:13:19:Infinity":8,"f:12:13:12:29":2,"s:13:4:13:Infinity":9,"b:14:4:14:Infinity:undefined:undefined:undefined:undefined":2,"s:14:4:14:Infinity":10,"s:14:19:14:Infinity":11,"s:16:4:19:Infinity":12,"b:16:15:16:29:16:29:16:33":3,"b:17:15:17:30:17:30:17:Infinity":4,"b:18:8:18:54:18:54:18:Infinity":5}}}
,"/home/holger/jdevel/goplantatree/homepage/backend/src/models/Counter.js": {"path":"/home/holger/jdevel/goplantatree/homepage/backend/src/models/Counter.js","statementMap":{"0":{"start":{"line":8,"column":22},"end":{"line":11,"column":2}}},"fnMap":{},"branchMap":{},"s":{"0":11},"f":{},"b":{},"meta":{"lastBranch":0,"lastFunction":0,"lastStatement":1,"seen":{"s:8:22:11:2":0}}}
,"/home/holger/jdevel/goplantatree/homepage/backend/src/models/Media.js": {"path":"/home/holger/jdevel/goplantatree/homepage/backend/src/models/Media.js","statementMap":{"0":{"start":{"line":3,"column":20},"end":{"line":28,"column":2}}},"fnMap":{},"branchMap":{},"s":{"0":10},"f":{},"b":{},"meta":{"lastBranch":0,"lastFunction":0,"lastStatement":1,"seen":{"s:3:20:28:2":0}}}
,"/home/holger/jdevel/goplantatree/homepage/backend/src/models/Offering.js": {"path":"/home/holger/jdevel/goplantatree/homepage/backend/src/models/Offering.js","statementMap":{"0":{"start":{"line":8,"column":23},"end":{"line":31,"column":2}},"1":{"start":{"line":33,"column":0},"end":{"line":33,"column":null}}},"fnMap":{},"branchMap":{},"s":{"0":10,"1":10},"f":{},"b":{},"meta":{"lastBranch":0,"lastFunction":0,"lastStatement":2,"seen":{"s:8:23:31:2":0,"s:33:0:33:Infinity":1}}}
,"/home/holger/jdevel/goplantatree/homepage/backend/src/models/Order.js": {"path":"/home/holger/jdevel/goplantatree/homepage/backend/src/models/Order.js","statementMap":{"0":{"start":{"line":4,"column":20},"end":{"line":26,"column":2}},"1":{"start":{"line":29,"column":0},"end":{"line":40,"column":null}},"2":{"start":{"line":30,"column":4},"end":{"line":38,"column":null}},"3":{"start":{"line":31,"column":21},"end":{"line":31,"column":45}},"4":{"start":{"line":32,"column":24},"end":{"line":36,"column":9}},"5":{"start":{"line":37,"column":8},"end":{"line":37,"column":null}},"6":{"start":{"line":39,"column":4},"end":{"line":39,"column":null}}},"fnMap":{"0":{"name":"(anonymous_0)","decl":{"start":{"line":29,"column":24},"end":{"line":29,"column":29}},"loc":{"start":{"line":29,"column":46},"end":{"line":40,"column":1}},"line":29}},"branchMap":{"0":{"loc":{"start":{"line":30,"column":4},"end":{"line":38,"column":null}},"type":"if","locations":[{"start":{"line":30,"column":4},"end":{"line":38,"column":null}},{"start":{},"end":{}}],"line":30}},"s":{"0":11,"1":11,"2":20,"3":20,"4":20,"5":20,"6":20},"f":{"0":20},"b":{"0":[20,0]},"meta":{"lastBranch":1,"lastFunction":1,"lastStatement":7,"seen":{"s:4:20:26:2":0,"s:29:0:40:Infinity":1,"f:29:24:29:29":0,"b:30:4:38:Infinity:undefined:undefined:undefined:undefined":0,"s:30:4:38:Infinity":2,"s:31:21:31:45":3,"s:32:24:36:9":4,"s:37:8:37:Infinity":5,"s:39:4:39:Infinity":6}}}
,"/home/holger/jdevel/goplantatree/homepage/backend/src/models/Page.js": {"path":"/home/holger/jdevel/goplantatree/homepage/backend/src/models/Page.js","statementMap":{"0":{"start":{"line":6,"column":19},"end":{"line":16,"column":2}}},"fnMap":{},"branchMap":{},"s":{"0":10},"f":{},"b":{},"meta":{"lastBranch":0,"lastFunction":0,"lastStatement":1,"seen":{"s:6:19:16:2":0}}}
,"/home/holger/jdevel/goplantatree/homepage/backend/src/models/PermissionProfile.js": {"path":"/home/holger/jdevel/goplantatree/homepage/backend/src/models/PermissionProfile.js","statementMap":{"0":{"start":{"line":3,"column":25},"end":{"line":9,"column":18}},"1":{"start":{"line":11,"column":32},"end":{"line":17,"column":2}}},"fnMap":{},"branchMap":{},"s":{"0":10,"1":10},"f":{},"b":{},"meta":{"lastBranch":0,"lastFunction":0,"lastStatement":2,"seen":{"s:3:25:9:18":0,"s:11:32:17:2":1}}}
,"/home/holger/jdevel/goplantatree/homepage/backend/src/models/Post.js": {"path":"/home/holger/jdevel/goplantatree/homepage/backend/src/models/Post.js","statementMap":{"0":{"start":{"line":7,"column":19},"end":{"line":22,"column":2}},"1":{"start":{"line":24,"column":0},"end":{"line":24,"column":null}}},"fnMap":{},"branchMap":{},"s":{"0":10,"1":10},"f":{},"b":{},"meta":{"lastBranch":0,"lastFunction":0,"lastStatement":2,"seen":{"s:7:19:22:2":0,"s:24:0:24:Infinity":1}}}
,"/home/holger/jdevel/goplantatree/homepage/backend/src/models/Project.js": {"path":"/home/holger/jdevel/goplantatree/homepage/backend/src/models/Project.js","statementMap":{"0":{"start":{"line":3,"column":22},"end":{"line":17,"column":2}}},"fnMap":{},"branchMap":{},"s":{"0":12},"f":{},"b":{},"meta":{"lastBranch":0,"lastFunction":0,"lastStatement":1,"seen":{"s:3:22:17:2":0}}}
,"/home/holger/jdevel/goplantatree/homepage/backend/src/models/Subscriber.js": {"path":"/home/holger/jdevel/goplantatree/homepage/backend/src/models/Subscriber.js","statementMap":{"0":{"start":{"line":4,"column":25},"end":{"line":16,"column":2}},"1":{"start":{"line":19,"column":0},"end":{"line":19,"column":null}},"2":{"start":{"line":22,"column":0},"end":{"line":27,"column":null}},"3":{"start":{"line":23,"column":4},"end":{"line":25,"column":null}},"4":{"start":{"line":24,"column":8},"end":{"line":24,"column":null}},"5":{"start":{"line":26,"column":4},"end":{"line":26,"column":null}}},"fnMap":{"0":{"name":"(anonymous_0)","decl":{"start":{"line":22,"column":29},"end":{"line":22,"column":37}},"loc":{"start":{"line":22,"column":45},"end":{"line":27,"column":1}},"line":22}},"branchMap":{"0":{"loc":{"start":{"line":23,"column":4},"end":{"line":25,"column":null}},"type":"if","locations":[{"start":{"line":23,"column":4},"end":{"line":25,"column":null}},{"start":{},"end":{}}],"line":23}},"s":{"0":10,"1":10,"2":10,"3":8,"4":8,"5":8},"f":{"0":8},"b":{"0":[8,0]},"meta":{"lastBranch":1,"lastFunction":1,"lastStatement":6,"seen":{"s:4:25:16:2":0,"s:19:0:19:Infinity":1,"s:22:0:27:Infinity":2,"f:22:29:22:37":0,"b:23:4:25:Infinity:undefined:undefined:undefined:undefined":0,"s:23:4:25:Infinity":3,"s:24:8:24:Infinity":4,"s:26:4:26:Infinity":5}}}
,"/home/holger/jdevel/goplantatree/homepage/backend/src/models/Tree.js": {"path":"/home/holger/jdevel/goplantatree/homepage/backend/src/models/Tree.js","statementMap":{"0":{"start":{"line":8,"column":19},"end":{"line":27,"column":2}}},"fnMap":{},"branchMap":{},"s":{"0":10},"f":{},"b":{},"meta":{"lastBranch":0,"lastFunction":0,"lastStatement":1,"seen":{"s:8:19:27:2":0}}}
,"/home/holger/jdevel/goplantatree/homepage/backend/src/models/User.js": {"path":"/home/holger/jdevel/goplantatree/homepage/backend/src/models/User.js","statementMap":{"0":{"start":{"line":4,"column":19},"end":{"line":13,"column":2}},"1":{"start":{"line":16,"column":0},"end":{"line":21,"column":null}},"2":{"start":{"line":17,"column":4},"end":{"line":19,"column":null}},"3":{"start":{"line":18,"column":8},"end":{"line":18,"column":null}},"4":{"start":{"line":20,"column":4},"end":{"line":20,"column":null}},"5":{"start":{"line":24,"column":0},"end":{"line":26,"column":null}},"6":{"start":{"line":25,"column":4},"end":{"line":25,"column":null}},"7":{"start":{"line":29,"column":0},"end":{"line":34,"column":null}},"8":{"start":{"line":31,"column":8},"end":{"line":31,"column":null}},"9":{"start":{"line":32,"column":8},"end":{"line":32,"column":null}}},"fnMap":{"0":{"name":"(anonymous_0)","decl":{"start":{"line":16,"column":23},"end":{"line":16,"column":28}},"loc":{"start":{"line":16,"column":45},"end":{"line":21,"column":1}},"line":16},"1":{"name":"(anonymous_1)","decl":{"start":{"line":24,"column":37},"end":{"line":24,"column":42}},"loc":{"start":{"line":24,"column":63},"end":{"line":26,"column":1}},"line":24},"2":{"name":"(anonymous_2)","decl":{"start":{"line":30,"column":15},"end":{"line":30,"column":16}},"loc":{"start":{"line":30,"column":29},"end":{"line":33,"column":null}},"line":30}},"branchMap":{"0":{"loc":{"start":{"line":17,"column":4},"end":{"line":19,"column":null}},"type":"if","locations":[{"start":{"line":17,"column":4},"end":{"line":19,"column":null}},{"start":{},"end":{}}],"line":17}},"s":{"0":10,"1":10,"2":4,"3":4,"4":4,"5":10,"6":4,"7":10,"8":4,"9":4},"f":{"0":4,"1":4,"2":4},"b":{"0":[4,0]},"meta":{"lastBranch":1,"lastFunction":3,"lastStatement":10,"seen":{"s:4:19:13:2":0,"s:16:0:21:Infinity":1,"f:16:23:16:28":0,"b:17:4:19:Infinity:undefined:undefined:undefined:undefined":0,"s:17:4:19:Infinity":2,"s:18:8:18:Infinity":3,"s:20:4:20:Infinity":4,"s:24:0:26:Infinity":5,"f:24:37:24:42":1,"s:25:4:25:Infinity":6,"s:29:0:34:Infinity":7,"f:30:15:30:16":2,"s:31:8:31:Infinity":8,"s:32:8:32:Infinity":9}}}
,"/home/holger/jdevel/goplantatree/homepage/backend/src/routes/auth.js": {"path":"/home/holger/jdevel/goplantatree/homepage/backend/src/routes/auth.js","statementMap":{"0":{"start":{"line":5,"column":14},"end":{"line":5,"column":23}},"1":{"start":{"line":8,"column":0},"end":{"line":44,"column":null}},"2":{"start":{"line":9,"column":4},"end":{"line":43,"column":null}},"3":{"start":{"line":10,"column":39},"end":{"line":10,"column":47}},"4":{"start":{"line":11,"column":8},"end":{"line":13,"column":null}},"5":{"start":{"line":12,"column":12},"end":{"line":12,"column":null}},"6":{"start":{"line":15,"column":21},"end":{"line":15,"column":73}},"7":{"start":{"line":16,"column":8},"end":{"line":18,"column":null}},"8":{"start":{"line":17,"column":12},"end":{"line":17,"column":null}},"9":{"start":{"line":20,"column":22},"end":{"line":20,"column":58}},"10":{"start":{"line":21,"column":8},"end":{"line":23,"column":null}},"11":{"start":{"line":22,"column":12},"end":{"line":22,"column":null}},"12":{"start":{"line":25,"column":26},"end":{"line":25,"column":28}},"13":{"start":{"line":26,"column":8},"end":{"line":32,"column":null}},"14":{"start":{"line":27,"column":12},"end":{"line":31,"column":null}},"15":{"start":{"line":28,"column":16},"end":{"line":30,"column":null}},"16":{"start":{"line":34,"column":22},"end":{"line":38,"column":9}},"17":{"start":{"line":40,"column":8},"end":{"line":40,"column":null}},"18":{"start":{"line":42,"column":8},"end":{"line":42,"column":null}},"19":{"start":{"line":47,"column":0},"end":{"line":60,"column":null}},"20":{"start":{"line":48,"column":19},"end":{"line":48,"column":44}},"21":{"start":{"line":49,"column":4},"end":{"line":51,"column":null}},"22":{"start":{"line":50,"column":8},"end":{"line":50,"column":null}},"23":{"start":{"line":52,"column":4},"end":{"line":59,"column":null}},"24":{"start":{"line":53,"column":24},"end":{"line":53,"column":80}},"25":{"start":{"line":54,"column":21},"end":{"line":54,"column":52}},"26":{"start":{"line":55,"column":8},"end":{"line":55,"column":null}},"27":{"start":{"line":55,"column":19},"end":{"line":55,"column":null}},"28":{"start":{"line":56,"column":8},"end":{"line":56,"column":null}},"29":{"start":{"line":58,"column":8},"end":{"line":58,"column":null}}},"fnMap":{"0":{"name":"(anonymous_0)","decl":{"start":{"line":8,"column":22},"end":{"line":8,"column":27}},"loc":{"start":{"line":8,"column":42},"end":{"line":44,"column":1}},"line":8},"1":{"name":"(anonymous_1)","decl":{"start":{"line":27,"column":45},"end":{"line":27,"column":46}},"loc":{"start":{"line":27,"column":50},"end":{"line":31,"column":13}},"line":27},"2":{"name":"(anonymous_2)","decl":{"start":{"line":47,"column":18},"end":{"line":47,"column":23}},"loc":{"start":{"line":47,"column":38},"end":{"line":60,"column":1}},"line":47}},"branchMap":{"0":{"loc":{"start":{"line":11,"column":8},"end":{"line":13,"column":null}},"type":"if","locations":[{"start":{"line":11,"column":8},"end":{"line":13,"column":null}},{"start":{},"end":{}}],"line":11},"1":{"loc":{"start":{"line":11,"column":12},"end":{"line":11,"column":34}},"type":"binary-expr","locations":[{"start":{"line":11,"column":12},"end":{"line":11,"column":21}},{"start":{"line":11,"column":25},"end":{"line":11,"column":34}}],"line":11},"2":{"loc":{"start":{"line":16,"column":8},"end":{"line":18,"column":null}},"type":"if","locations":[{"start":{"line":16,"column":8},"end":{"line":18,"column":null}},{"start":{},"end":{}}],"line":16},"3":{"loc":{"start":{"line":21,"column":8},"end":{"line":23,"column":null}},"type":"if","locations":[{"start":{"line":21,"column":8},"end":{"line":23,"column":null}},{"start":{},"end":{}}],"line":21},"4":{"loc":{"start":{"line":26,"column":8},"end":{"line":32,"column":null}},"type":"if","locations":[{"start":{"line":26,"column":8},"end":{"line":32,"column":null}},{"start":{},"end":{}}],"line":26},"5":{"loc":{"start":{"line":26,"column":12},"end":{"line":26,"column":52}},"type":"binary-expr","locations":[{"start":{"line":26,"column":12},"end":{"line":26,"column":24}},{"start":{"line":26,"column":28},"end":{"line":26,"column":52}}],"line":26},"6":{"loc":{"start":{"line":49,"column":4},"end":{"line":51,"column":null}},"type":"if","locations":[{"start":{"line":49,"column":4},"end":{"line":51,"column":null}},{"start":{},"end":{}}],"line":49},"7":{"loc":{"start":{"line":49,"column":8},"end":{"line":49,"column":48}},"type":"binary-expr","locations":[{"start":{"line":49,"column":8},"end":{"line":49,"column":15}},{"start":{"line":49,"column":19},"end":{"line":49,"column":48}}],"line":49},"8":{"loc":{"start":{"line":55,"column":8},"end":{"line":55,"column":null}},"type":"if","locations":[{"start":{"line":55,"column":8},"end":{"line":55,"column":null}},{"start":{},"end":{}}],"line":55}},"s":{"0":10,"1":10,"2":6,"3":6,"4":6,"5":1,"6":5,"7":5,"8":1,"9":4,"10":4,"11":1,"12":3,"13":3,"14":1,"15":1,"16":3,"17":3,"18":0,"19":10,"20":2,"21":2,"22":1,"23":1,"24":1,"25":1,"26":1,"27":0,"28":1,"29":0},"f":{"0":6,"1":1,"2":2},"b":{"0":[1,5],"1":[6,6],"2":[1,4],"3":[1,3],"4":[1,2],"5":[3,1],"6":[1,1],"7":[2,1],"8":[0,1]},"meta":{"lastBranch":9,"lastFunction":3,"lastStatement":30,"seen":{"s:5:14:5:23":0,"s:8:0:44:Infinity":1,"f:8:22:8:27":0,"s:9:4:43:Infinity":2,"s:10:39:10:47":3,"b:11:8:13:Infinity:undefined:undefined:undefined:undefined":0,"s:11:8:13:Infinity":4,"b:11:12:11:21:11:25:11:34":1,"s:12:12:12:Infinity":5,"s:15:21:15:73":6,"b:16:8:18:Infinity:undefined:undefined:undefined:undefined":2,"s:16:8:18:Infinity":7,"s:17:12:17:Infinity":8,"s:20:22:20:58":9,"b:21:8:23:Infinity:undefined:undefined:undefined:undefined":3,"s:21:8:23:Infinity":10,"s:22:12:22:Infinity":11,"s:25:26:25:28":12,"b:26:8:32:Infinity:undefined:undefined:undefined:undefined":4,"s:26:8:32:Infinity":13,"b:26:12:26:24:26:28:26:52":5,"s:27:12:31:Infinity":14,"f:27:45:27:46":1,"s:28:16:30:Infinity":15,"s:34:22:38:9":16,"s:40:8:40:Infinity":17,"s:42:8:42:Infinity":18,"s:47:0:60:Infinity":19,"f:47:18:47:23":2,"s:48:19:48:44":20,"b:49:4:51:Infinity:undefined:undefined:undefined:undefined":6,"s:49:4:51:Infinity":21,"b:49:8:49:15:49:19:49:48":7,"s:50:8:50:Infinity":22,"s:52:4:59:Infinity":23,"s:53:24:53:80":24,"s:54:21:54:52":25,"b:55:8:55:Infinity:undefined:undefined:undefined:undefined":8,"s:55:8:55:Infinity":26,"s:55:19:55:Infinity":27,"s:56:8:56:Infinity":28,"s:58:8:58:Infinity":29}}}
,"/home/holger/jdevel/goplantatree/homepage/backend/src/routes/config.js": {"path":"/home/holger/jdevel/goplantatree/homepage/backend/src/routes/config.js","statementMap":{"0":{"start":{"line":6,"column":17},"end":{"line":6,"column":57}},"1":{"start":{"line":7,"column":18},"end":{"line":7,"column":62}},"2":{"start":{"line":9,"column":14},"end":{"line":9,"column":23}},"3":{"start":{"line":12,"column":0},"end":{"line":21,"column":null}},"4":{"start":{"line":13,"column":4},"end":{"line":20,"column":null}},"5":{"start":{"line":14,"column":21},"end":{"line":16,"column":45}},"6":{"start":{"line":15,"column":25},"end":{"line":15,"column":44}},"7":{"start":{"line":16,"column":22},"end":{"line":16,"column":44}},"8":{"start":{"line":17,"column":8},"end":{"line":17,"column":null}},"9":{"start":{"line":19,"column":8},"end":{"line":19,"column":null}},"10":{"start":{"line":25,"column":0},"end":{"line":61,"column":null}},"11":{"start":{"line":26,"column":4},"end":{"line":60,"column":null}},"12":{"start":{"line":27,"column":21},"end":{"line":27,"column":78}},"13":{"start":{"line":27,"column":58},"end":{"line":27,"column":77}},"14":{"start":{"line":28,"column":25},"end":{"line":28,"column":27}},"15":{"start":{"line":30,"column":8},"end":{"line":52,"column":null}},"16":{"start":{"line":31,"column":12},"end":{"line":51,"column":null}},"17":{"start":{"line":32,"column":32},"end":{"line":32,"column":89}},"18":{"start":{"line":34,"column":16},"end":{"line":48,"column":null}},"19":{"start":{"line":35,"column":20},"end":{"line":47,"column":null}},"20":{"start":{"line":55,"column":8},"end":{"line":55,"column":null}},"21":{"start":{"line":55,"column":32},"end":{"line":55,"column":57}},"22":{"start":{"line":57,"column":8},"end":{"line":57,"column":null}},"23":{"start":{"line":59,"column":8},"end":{"line":59,"column":null}},"24":{"start":{"line":64,"column":0},"end":{"line":75,"column":null}},"25":{"start":{"line":65,"column":4},"end":{"line":74,"column":null}},"26":{"start":{"line":66,"column":24},"end":{"line":66,"column":68}},"27":{"start":{"line":67,"column":23},"end":{"line":67,"column":55}},"28":{"start":{"line":68,"column":8},"end":{"line":68,"column":null}},"29":{"start":{"line":70,"column":8},"end":{"line":72,"column":null}},"30":{"start":{"line":71,"column":12},"end":{"line":71,"column":null}},"31":{"start":{"line":73,"column":8},"end":{"line":73,"column":null}}},"fnMap":{"0":{"name":"(anonymous_0)","decl":{"start":{"line":12,"column":16},"end":{"line":12,"column":17}},"loc":{"start":{"line":12,"column":30},"end":{"line":21,"column":1}},"line":12},"1":{"name":"(anonymous_1)","decl":{"start":{"line":15,"column":20},"end":{"line":15,"column":21}},"loc":{"start":{"line":15,"column":25},"end":{"line":15,"column":44}},"line":15},"2":{"name":"(anonymous_2)","decl":{"start":{"line":16,"column":17},"end":{"line":16,"column":18}},"loc":{"start":{"line":16,"column":22},"end":{"line":16,"column":44}},"line":16},"3":{"name":"(anonymous_3)","decl":{"start":{"line":25,"column":24},"end":{"line":25,"column":25}},"loc":{"start":{"line":25,"column":38},"end":{"line":61,"column":1}},"line":25},"4":{"name":"(anonymous_4)","decl":{"start":{"line":27,"column":53},"end":{"line":27,"column":54}},"loc":{"start":{"line":27,"column":58},"end":{"line":27,"column":77}},"line":27},"5":{"name":"(anonymous_5)","decl":{"start":{"line":55,"column":22},"end":{"line":55,"column":23}},"loc":{"start":{"line":55,"column":32},"end":{"line":55,"column":57}},"line":55},"6":{"name":"(anonymous_6)","decl":{"start":{"line":64,"column":21},"end":{"line":64,"column":22}},"loc":{"start":{"line":64,"column":35},"end":{"line":75,"column":1}},"line":64}},"branchMap":{"0":{"loc":{"start":{"line":34,"column":16},"end":{"line":48,"column":null}},"type":"if","locations":[{"start":{"line":34,"column":16},"end":{"line":48,"column":null}},{"start":{},"end":{}}],"line":34},"1":{"loc":{"start":{"line":34,"column":20},"end":{"line":34,"column":50}},"type":"binary-expr","locations":[{"start":{"line":34,"column":20},"end":{"line":34,"column":34}},{"start":{"line":34,"column":38},"end":{"line":34,"column":50}}],"line":34},"2":{"loc":{"start":{"line":39,"column":30},"end":{"line":39,"column":50}},"type":"binary-expr","locations":[{"start":{"line":39,"column":30},"end":{"line":39,"column":42}},{"start":{"line":39,"column":46},"end":{"line":39,"column":50}}],"line":39},"3":{"loc":{"start":{"line":40,"column":35},"end":{"line":40,"column":61}},"type":"binary-expr","locations":[{"start":{"line":40,"column":35},"end":{"line":40,"column":52}},{"start":{"line":40,"column":56},"end":{"line":40,"column":61}}],"line":40},"4":{"loc":{"start":{"line":44,"column":35},"end":{"line":44,"column":92}},"type":"cond-expr","locations":[{"start":{"line":44,"column":69},"end":{"line":44,"column":86}},{"start":{"line":44,"column":89},"end":{"line":44,"column":92}}],"line":44},"5":{"loc":{"start":{"line":45,"column":34},"end":{"line":45,"column":58}},"type":"binary-expr","locations":[{"start":{"line":45,"column":34},"end":{"line":45,"column":50}},{"start":{"line":45,"column":54},"end":{"line":45,"column":58}}],"line":45},"6":{"loc":{"start":{"line":46,"column":34},"end":{"line":46,"column":null}},"type":"binary-expr","locations":[{"start":{"line":46,"column":34},"end":{"line":46,"column":50}},{"start":{"line":46,"column":54},"end":{"line":46,"column":null}}],"line":46},"7":{"loc":{"start":{"line":70,"column":8},"end":{"line":72,"column":null}},"type":"if","locations":[{"start":{"line":70,"column":8},"end":{"line":72,"column":null}},{"start":{},"end":{}}],"line":70}},"s":{"0":10,"1":10,"2":10,"3":10,"4":1,"5":1,"6":13,"7":13,"8":1,"9":0,"10":10,"11":5,"12":5,"13":65,"14":5,"15":5,"16":65,"17":65,"18":65,"19":50,"20":5,"21":105,"22":5,"23":0,"24":10,"25":3,"26":3,"27":3,"28":3,"29":1,"30":1,"31":0},"f":{"0":1,"1":13,"2":13,"3":5,"4":65,"5":105,"6":3},"b":{"0":[50,15],"1":[65,60],"2":[50,0],"3":[50,35],"4":[50,0],"5":[50,0],"6":[50,40],"7":[1,0]},"meta":{"lastBranch":8,"lastFunction":7,"lastStatement":32,"seen":{"s:6:17:6:57":0,"s:7:18:7:62":1,"s:9:14:9:23":2,"s:12:0:21:Infinity":3,"f:12:16:12:17":0,"s:13:4:20:Infinity":4,"s:14:21:16:45":5,"f:15:20:15:21":1,"s:15:25:15:44":6,"f:16:17:16:18":2,"s:16:22:16:44":7,"s:17:8:17:Infinity":8,"s:19:8:19:Infinity":9,"s:25:0:61:Infinity":10,"f:25:24:25:25":3,"s:26:4:60:Infinity":11,"s:27:21:27:78":12,"f:27:53:27:54":4,"s:27:58:27:77":13,"s:28:25:28:27":14,"s:30:8:52:Infinity":15,"s:31:12:51:Infinity":16,"s:32:32:32:89":17,"b:34:16:48:Infinity:undefined:undefined:undefined:undefined":0,"s:34:16:48:Infinity":18,"b:34:20:34:34:34:38:34:50":1,"s:35:20:47:Infinity":19,"b:39:30:39:42:39:46:39:50":2,"b:40:35:40:52:40:56:40:61":3,"b:44:69:44:86:44:89:44:92":4,"b:45:34:45:50:45:54:45:58":5,"b:46:34:46:50:46:54:46:Infinity":6,"s:55:8:55:Infinity":20,"f:55:22:55:23":5,"s:55:32:55:57":21,"s:57:8:57:Infinity":22,"s:59:8:59:Infinity":23,"s:64:0:75:Infinity":24,"f:64:21:64:22":6,"s:65:4:74:Infinity":25,"s:66:24:66:68":26,"s:67:23:67:55":27,"s:68:8:68:Infinity":28,"b:70:8:72:Infinity:undefined:undefined:undefined:undefined":7,"s:70:8:72:Infinity":29,"s:71:12:71:Infinity":30,"s:73:8:73:Infinity":31}}}
,"/home/holger/jdevel/goplantatree/homepage/backend/src/routes/media.js": {"path":"/home/holger/jdevel/goplantatree/homepage/backend/src/routes/media.js","statementMap":{"0":{"start":{"line":10,"column":17},"end":{"line":10,"column":57}},"1":{"start":{"line":11,"column":19},"end":{"line":11,"column":58}},"2":{"start":{"line":13,"column":0},"end":{"line":15,"column":null}},"3":{"start":{"line":14,"column":4},"end":{"line":14,"column":null}},"4":{"start":{"line":17,"column":16},"end":{"line":17,"column":38}},"5":{"start":{"line":19,"column":14},"end":{"line":22,"column":2}},"6":{"start":{"line":24,"column":14},"end":{"line":24,"column":23}},"7":{"start":{"line":27,"column":0},"end":{"line":50,"column":null}},"8":{"start":{"line":28,"column":4},"end":{"line":49,"column":null}},"9":{"start":{"line":29,"column":22},"end":{"line":29,"column":54}},"10":{"start":{"line":30,"column":21},"end":{"line":30,"column":50}},"11":{"start":{"line":31,"column":23},"end":{"line":31,"column":39}},"12":{"start":{"line":33,"column":23},"end":{"line":33,"column":25}},"13":{"start":{"line":34,"column":8},"end":{"line":36,"column":null}},"14":{"start":{"line":35,"column":12},"end":{"line":35,"column":null}},"15":{"start":{"line":37,"column":8},"end":{"line":42,"column":null}},"16":{"start":{"line":38,"column":12},"end":{"line":41,"column":null}},"17":{"start":{"line":44,"column":22},"end":{"line":44,"column":110}},"18":{"start":{"line":45,"column":22},"end":{"line":45,"column":56}},"19":{"start":{"line":46,"column":8},"end":{"line":46,"column":null}},"20":{"start":{"line":48,"column":8},"end":{"line":48,"column":null}},"21":{"start":{"line":53,"column":0},"end":{"line":64,"column":null}},"22":{"start":{"line":54,"column":4},"end":{"line":63,"column":null}},"23":{"start":{"line":55,"column":22},"end":{"line":55,"column":44}},"24":{"start":{"line":56,"column":8},"end":{"line":56,"column":null}},"25":{"start":{"line":56,"column":43},"end":{"line":56,"column":null}},"26":{"start":{"line":58,"column":22},"end":{"line":58,"column":64}},"27":{"start":{"line":59,"column":8},"end":{"line":59,"column":null}},"28":{"start":{"line":59,"column":20},"end":{"line":59,"column":null}},"29":{"start":{"line":60,"column":8},"end":{"line":60,"column":null}},"30":{"start":{"line":62,"column":8},"end":{"line":62,"column":null}},"31":{"start":{"line":67,"column":0},"end":{"line":78,"column":null}},"32":{"start":{"line":68,"column":4},"end":{"line":77,"column":null}},"33":{"start":{"line":69,"column":22},"end":{"line":69,"column":57}},"34":{"start":{"line":70,"column":8},"end":{"line":70,"column":null}},"35":{"start":{"line":70,"column":35},"end":{"line":70,"column":null}},"36":{"start":{"line":72,"column":8},"end":{"line":72,"column":null}},"37":{"start":{"line":73,"column":8},"end":{"line":73,"column":null}},"38":{"start":{"line":74,"column":8},"end":{"line":74,"column":null}},"39":{"start":{"line":76,"column":8},"end":{"line":76,"column":null}},"40":{"start":{"line":81,"column":0},"end":{"line":89,"column":null}},"41":{"start":{"line":82,"column":4},"end":{"line":88,"column":null}},"42":{"start":{"line":83,"column":22},"end":{"line":83,"column":153}},"43":{"start":{"line":84,"column":8},"end":{"line":84,"column":null}},"44":{"start":{"line":84,"column":20},"end":{"line":84,"column":null}},"45":{"start":{"line":85,"column":8},"end":{"line":85,"column":null}},"46":{"start":{"line":87,"column":8},"end":{"line":87,"column":null}},"47":{"start":{"line":92,"column":0},"end":{"line":171,"column":null}},"48":{"start":{"line":93,"column":4},"end":{"line":170,"column":null}},"49":{"start":{"line":94,"column":8},"end":{"line":94,"column":null}},"50":{"start":{"line":94,"column":40},"end":{"line":94,"column":null}},"51":{"start":{"line":96,"column":36},"end":{"line":96,"column":45}},"52":{"start":{"line":97,"column":8},"end":{"line":134,"column":null}},"53":{"start":{"line":98,"column":12},"end":{"line":133,"column":null}},"54":{"start":{"line":99,"column":34},"end":{"line":99,"column":58}},"55":{"start":{"line":100,"column":16},"end":{"line":100,"column":null}},"56":{"start":{"line":101,"column":16},"end":{"line":101,"column":null}},"57":{"start":{"line":103,"column":30},"end":{"line":103,"column":44}},"58":{"start":{"line":104,"column":37},"end":{"line":117,"column":17}},"59":{"start":{"line":119,"column":16},"end":{"line":119,"column":null}},"60":{"start":{"line":120,"column":16},"end":{"line":125,"column":null}},"61":{"start":{"line":121,"column":20},"end":{"line":124,"column":null}},"62":{"start":{"line":122,"column":24},"end":{"line":122,"column":null}},"63":{"start":{"line":123,"column":24},"end":{"line":123,"column":null}},"64":{"start":{"line":126,"column":16},"end":{"line":130,"column":null}},"65":{"start":{"line":127,"column":20},"end":{"line":129,"column":null}},"66":{"start":{"line":127,"column":40},"end":{"line":127,"column":null}},"67":{"start":{"line":128,"column":25},"end":{"line":129,"column":null}},"68":{"start":{"line":128,"column":45},"end":{"line":128,"column":null}},"69":{"start":{"line":129,"column":25},"end":{"line":129,"column":null}},"70":{"start":{"line":132,"column":16},"end":{"line":132,"column":null}},"71":{"start":{"line":136,"column":25},"end":{"line":136,"column":134}},"72":{"start":{"line":138,"column":22},"end":{"line":155,"column":10}},"73":{"start":{"line":157,"column":8},"end":{"line":159,"column":null}},"74":{"start":{"line":158,"column":12},"end":{"line":158,"column":null}},"75":{"start":{"line":161,"column":8},"end":{"line":161,"column":null}},"76":{"start":{"line":164,"column":29},"end":{"line":164,"column":45}},"77":{"start":{"line":165,"column":8},"end":{"line":165,"column":null}},"78":{"start":{"line":167,"column":8},"end":{"line":167,"column":null}},"79":{"start":{"line":169,"column":8},"end":{"line":169,"column":null}},"80":{"start":{"line":174,"column":0},"end":{"line":197,"column":null}},"81":{"start":{"line":175,"column":4},"end":{"line":196,"column":null}},"82":{"start":{"line":177,"column":8},"end":{"line":177,"column":null}},"83":{"start":{"line":178,"column":8},"end":{"line":178,"column":null}},"84":{"start":{"line":179,"column":8},"end":{"line":179,"column":null}},"85":{"start":{"line":180,"column":8},"end":{"line":180,"column":null}},"86":{"start":{"line":181,"column":8},"end":{"line":181,"column":null}},"87":{"start":{"line":182,"column":8},"end":{"line":182,"column":null}},"88":{"start":{"line":183,"column":8},"end":{"line":183,"column":null}},"89":{"start":{"line":185,"column":22},"end":{"line":185,"column":44}},"90":{"start":{"line":186,"column":8},"end":{"line":189,"column":null}},"91":{"start":{"line":187,"column":12},"end":{"line":187,"column":null}},"92":{"start":{"line":188,"column":12},"end":{"line":188,"column":null}},"93":{"start":{"line":191,"column":22},"end":{"line":191,"column":119}},"94":{"start":{"line":192,"column":8},"end":{"line":192,"column":null}},"95":{"start":{"line":192,"column":20},"end":{"line":192,"column":null}},"96":{"start":{"line":193,"column":8},"end":{"line":193,"column":null}},"97":{"start":{"line":195,"column":8},"end":{"line":195,"column":null}},"98":{"start":{"line":200,"column":0},"end":{"line":215,"column":null}},"99":{"start":{"line":201,"column":4},"end":{"line":214,"column":null}},"100":{"start":{"line":202,"column":22},"end":{"line":202,"column":44}},"101":{"start":{"line":203,"column":8},"end":{"line":203,"column":null}},"102":{"start":{"line":203,"column":43},"end":{"line":203,"column":null}},"103":{"start":{"line":205,"column":22},"end":{"line":205,"column":48}},"104":{"start":{"line":206,"column":8},"end":{"line":206,"column":null}},"105":{"start":{"line":206,"column":20},"end":{"line":206,"column":null}},"106":{"start":{"line":210,"column":8},"end":{"line":210,"column":null}},"107":{"start":{"line":211,"column":8},"end":{"line":211,"column":null}},"108":{"start":{"line":213,"column":8},"end":{"line":213,"column":null}}},"fnMap":{"0":{"name":"(anonymous_0)","decl":{"start":{"line":27,"column":58},"end":{"line":27,"column":63}},"loc":{"start":{"line":27,"column":78},"end":{"line":50,"column":1}},"line":27},"1":{"name":"(anonymous_1)","decl":{"start":{"line":53,"column":61},"end":{"line":53,"column":66}},"loc":{"start":{"line":53,"column":81},"end":{"line":64,"column":1}},"line":53},"2":{"name":"(anonymous_2)","decl":{"start":{"line":67,"column":24},"end":{"line":67,"column":29}},"loc":{"start":{"line":67,"column":44},"end":{"line":78,"column":1}},"line":67},"3":{"name":"(anonymous_3)","decl":{"start":{"line":81,"column":24},"end":{"line":81,"column":29}},"loc":{"start":{"line":81,"column":44},"end":{"line":89,"column":1}},"line":81},"4":{"name":"(anonymous_4)","decl":{"start":{"line":92,"column":84},"end":{"line":92,"column":89}},"loc":{"start":{"line":92,"column":104},"end":{"line":171,"column":1}},"line":92},"5":{"name":"(anonymous_5)","decl":{"start":{"line":174,"column":63},"end":{"line":174,"column":68}},"loc":{"start":{"line":174,"column":83},"end":{"line":197,"column":1}},"line":174},"6":{"name":"(anonymous_6)","decl":{"start":{"line":200,"column":66},"end":{"line":200,"column":71}},"loc":{"start":{"line":200,"column":86},"end":{"line":215,"column":1}},"line":200}},"branchMap":{"0":{"loc":{"start":{"line":13,"column":0},"end":{"line":15,"column":null}},"type":"if","locations":[{"start":{"line":13,"column":0},"end":{"line":15,"column":null}},{"start":{},"end":{}}],"line":13},"1":{"loc":{"start":{"line":29,"column":22},"end":{"line":29,"column":54}},"type":"binary-expr","locations":[{"start":{"line":29,"column":22},"end":{"line":29,"column":47}},{"start":{"line":29,"column":51},"end":{"line":29,"column":54}}],"line":29},"2":{"loc":{"start":{"line":30,"column":21},"end":{"line":30,"column":50}},"type":"binary-expr","locations":[{"start":{"line":30,"column":21},"end":{"line":30,"column":45}},{"start":{"line":30,"column":49},"end":{"line":30,"column":50}}],"line":30},"3":{"loc":{"start":{"line":34,"column":8},"end":{"line":36,"column":null}},"type":"if","locations":[{"start":{"line":34,"column":8},"end":{"line":36,"column":null}},{"start":{},"end":{}}],"line":34},"4":{"loc":{"start":{"line":37,"column":8},"end":{"line":42,"column":null}},"type":"if","locations":[{"start":{"line":37,"column":8},"end":{"line":42,"column":null}},{"start":{},"end":{}}],"line":37},"5":{"loc":{"start":{"line":56,"column":8},"end":{"line":56,"column":null}},"type":"if","locations":[{"start":{"line":56,"column":8},"end":{"line":56,"column":null}},{"start":{},"end":{}}],"line":56},"6":{"loc":{"start":{"line":59,"column":8},"end":{"line":59,"column":null}},"type":"if","locations":[{"start":{"line":59,"column":8},"end":{"line":59,"column":null}},{"start":{},"end":{}}],"line":59},"7":{"loc":{"start":{"line":70,"column":8},"end":{"line":70,"column":null}},"type":"if","locations":[{"start":{"line":70,"column":8},"end":{"line":70,"column":null}},{"start":{},"end":{}}],"line":70},"8":{"loc":{"start":{"line":70,"column":12},"end":{"line":70,"column":33}},"type":"binary-expr","locations":[{"start":{"line":70,"column":12},"end":{"line":70,"column":18}},{"start":{"line":70,"column":22},"end":{"line":70,"column":33}}],"line":70},"9":{"loc":{"start":{"line":84,"column":8},"end":{"line":84,"column":null}},"type":"if","locations":[{"start":{"line":84,"column":8},"end":{"line":84,"column":null}},{"start":{},"end":{}}],"line":84},"10":{"loc":{"start":{"line":94,"column":8},"end":{"line":94,"column":null}},"type":"if","locations":[{"start":{"line":94,"column":8},"end":{"line":94,"column":null}},{"start":{},"end":{}}],"line":94},"11":{"loc":{"start":{"line":94,"column":12},"end":{"line":94,"column":38}},"type":"binary-expr","locations":[{"start":{"line":94,"column":12},"end":{"line":94,"column":21}},{"start":{"line":94,"column":25},"end":{"line":94,"column":38}}],"line":94},"12":{"loc":{"start":{"line":97,"column":8},"end":{"line":134,"column":null}},"type":"if","locations":[{"start":{"line":97,"column":8},"end":{"line":134,"column":null}},{"start":{},"end":{}}],"line":97},"13":{"loc":{"start":{"line":97,"column":12},"end":{"line":97,"column":62}},"type":"binary-expr","locations":[{"start":{"line":97,"column":12},"end":{"line":97,"column":20}},{"start":{"line":97,"column":24},"end":{"line":97,"column":62}}],"line":97},"14":{"loc":{"start":{"line":121,"column":20},"end":{"line":124,"column":null}},"type":"if","locations":[{"start":{"line":121,"column":20},"end":{"line":124,"column":null}},{"start":{},"end":{}}],"line":121},"15":{"loc":{"start":{"line":126,"column":16},"end":{"line":130,"column":null}},"type":"if","locations":[{"start":{"line":126,"column":16},"end":{"line":130,"column":null}},{"start":{},"end":{}}],"line":126},"16":{"loc":{"start":{"line":127,"column":20},"end":{"line":129,"column":null}},"type":"if","locations":[{"start":{"line":127,"column":20},"end":{"line":129,"column":null}},{"start":{"line":128,"column":25},"end":{"line":129,"column":null}}],"line":127},"17":{"loc":{"start":{"line":128,"column":25},"end":{"line":129,"column":null}},"type":"if","locations":[{"start":{"line":128,"column":25},"end":{"line":129,"column":null}},{"start":{"line":129,"column":25},"end":{"line":129,"column":null}}],"line":128},"18":{"loc":{"start":{"line":136,"column":25},"end":{"line":136,"column":134}},"type":"cond-expr","locations":[{"start":{"line":136,"column":37},"end":{"line":136,"column":120}},{"start":{"line":136,"column":124},"end":{"line":136,"column":134}}],"line":136},"19":{"loc":{"start":{"line":139,"column":22},"end":{"line":139,"column":54}},"type":"cond-expr","locations":[{"start":{"line":139,"column":33},"end":{"line":139,"column":41}},{"start":{"line":139,"column":44},"end":{"line":139,"column":54}}],"line":139},"20":{"loc":{"start":{"line":140,"column":26},"end":{"line":140,"column":91}},"type":"cond-expr","locations":[{"start":{"line":140,"column":37},"end":{"line":140,"column":58}},{"start":{"line":140,"column":62},"end":{"line":140,"column":90}}],"line":140},"21":{"loc":{"start":{"line":140,"column":62},"end":{"line":140,"column":90}},"type":"binary-expr","locations":[{"start":{"line":140,"column":62},"end":{"line":140,"column":76}},{"start":{"line":140,"column":80},"end":{"line":140,"column":90}}],"line":140},"22":{"loc":{"start":{"line":141,"column":22},"end":{"line":141,"column":67}},"type":"cond-expr","locations":[{"start":{"line":141,"column":33},"end":{"line":141,"column":50}},{"start":{"line":141,"column":53},"end":{"line":141,"column":67}}],"line":141},"23":{"loc":{"start":{"line":142,"column":18},"end":{"line":142,"column":46}},"type":"cond-expr","locations":[{"start":{"line":142,"column":29},"end":{"line":142,"column":42}},{"start":{"line":142,"column":45},"end":{"line":142,"column":46}}],"line":142},"24":{"loc":{"start":{"line":143,"column":17},"end":{"line":143,"column":35}},"type":"binary-expr","locations":[{"start":{"line":143,"column":17},"end":{"line":143,"column":29}},{"start":{"line":143,"column":33},"end":{"line":143,"column":35}}],"line":143},"25":{"loc":{"start":{"line":144,"column":18},"end":{"line":144,"column":56}},"type":"cond-expr","locations":[{"start":{"line":144,"column":29},"end":{"line":144,"column":44}},{"start":{"line":144,"column":47},"end":{"line":144,"column":56}}],"line":144},"26":{"loc":{"start":{"line":148,"column":19},"end":{"line":148,"column":39}},"type":"binary-expr","locations":[{"start":{"line":148,"column":19},"end":{"line":148,"column":33}},{"start":{"line":148,"column":37},"end":{"line":148,"column":39}}],"line":148},"27":{"loc":{"start":{"line":149,"column":20},"end":{"line":149,"column":41}},"type":"binary-expr","locations":[{"start":{"line":149,"column":20},"end":{"line":149,"column":35}},{"start":{"line":149,"column":39},"end":{"line":149,"column":41}}],"line":149},"28":{"loc":{"start":{"line":150,"column":24},"end":{"line":150,"column":49}},"type":"binary-expr","locations":[{"start":{"line":150,"column":24},"end":{"line":150,"column":43}},{"start":{"line":150,"column":47},"end":{"line":150,"column":49}}],"line":150},"29":{"loc":{"start":{"line":151,"column":21},"end":{"line":151,"column":43}},"type":"binary-expr","locations":[{"start":{"line":151,"column":21},"end":{"line":151,"column":37}},{"start":{"line":151,"column":41},"end":{"line":151,"column":43}}],"line":151},"30":{"loc":{"start":{"line":152,"column":25},"end":{"line":152,"column":51}},"type":"binary-expr","locations":[{"start":{"line":152,"column":25},"end":{"line":152,"column":45}},{"start":{"line":152,"column":49},"end":{"line":152,"column":51}}],"line":152},"31":{"loc":{"start":{"line":153,"column":24},"end":{"line":153,"column":49}},"type":"binary-expr","locations":[{"start":{"line":153,"column":24},"end":{"line":153,"column":43}},{"start":{"line":153,"column":47},"end":{"line":153,"column":49}}],"line":153},"32":{"loc":{"start":{"line":154,"column":21},"end":{"line":154,"column":null}},"type":"cond-expr","locations":[{"start":{"line":154,"column":53},"end":{"line":154,"column":69}},{"start":{"line":154,"column":73},"end":{"line":154,"column":97}}],"line":154},"33":{"loc":{"start":{"line":154,"column":73},"end":{"line":154,"column":97}},"type":"binary-expr","locations":[{"start":{"line":154,"column":73},"end":{"line":154,"column":89}},{"start":{"line":154,"column":93},"end":{"line":154,"column":97}}],"line":154},"34":{"loc":{"start":{"line":157,"column":8},"end":{"line":159,"column":null}},"type":"if","locations":[{"start":{"line":157,"column":8},"end":{"line":159,"column":null}},{"start":{},"end":{}}],"line":157},"35":{"loc":{"start":{"line":186,"column":8},"end":{"line":189,"column":null}},"type":"if","locations":[{"start":{"line":186,"column":8},"end":{"line":189,"column":null}},{"start":{},"end":{}}],"line":186},"36":{"loc":{"start":{"line":192,"column":8},"end":{"line":192,"column":null}},"type":"if","locations":[{"start":{"line":192,"column":8},"end":{"line":192,"column":null}},{"start":{},"end":{}}],"line":192},"37":{"loc":{"start":{"line":203,"column":8},"end":{"line":203,"column":null}},"type":"if","locations":[{"start":{"line":203,"column":8},"end":{"line":203,"column":null}},{"start":{},"end":{}}],"line":203},"38":{"loc":{"start":{"line":206,"column":8},"end":{"line":206,"column":null}},"type":"if","locations":[{"start":{"line":206,"column":8},"end":{"line":206,"column":null}},{"start":{},"end":{}}],"line":206}},"s":{"0":10,"1":10,"2":10,"3":0,"4":10,"5":10,"6":10,"7":10,"8":1,"9":1,"10":1,"11":1,"12":1,"13":1,"14":0,"15":1,"16":0,"17":1,"18":1,"19":1,"20":0,"21":10,"22":0,"23":0,"24":0,"25":0,"26":0,"27":0,"28":0,"29":0,"30":0,"31":10,"32":2,"33":2,"34":2,"35":1,"36":1,"37":1,"38":1,"39":0,"40":10,"41":0,"42":0,"43":0,"44":0,"45":0,"46":0,"47":10,"48":0,"49":0,"50":0,"51":0,"52":0,"53":0,"54":0,"55":0,"56":0,"57":0,"58":0,"59":0,"60":0,"61":0,"62":0,"63":0,"64":0,"65":0,"66":0,"67":0,"68":0,"69":0,"70":0,"71":0,"72":0,"73":0,"74":0,"75":0,"76":0,"77":0,"78":0,"79":0,"80":10,"81":0,"82":0,"83":0,"84":0,"85":0,"86":0,"87":0,"88":0,"89":0,"90":0,"91":0,"92":0,"93":0,"94":0,"95":0,"96":0,"97":0,"98":10,"99":1,"100":1,"101":1,"102":0,"103":1,"104":1,"105":0,"106":1,"107":1,"108":0},"f":{"0":1,"1":0,"2":2,"3":0,"4":0,"5":0,"6":1},"b":{"0":[0,10],"1":[1,1],"2":[1,1],"3":[0,1],"4":[0,1],"5":[0,0],"6":[0,0],"7":[1,1],"8":[2,1],"9":[0,0],"10":[0,0],"11":[0,0],"12":[0,0],"13":[0,0],"14":[0,0],"15":[0,0],"16":[0,0],"17":[0,0],"18":[0,0],"19":[0,0],"20":[0,0],"21":[0,0],"22":[0,0],"23":[0,0],"24":[0,0],"25":[0,0],"26":[0,0],"27":[0,0],"28":[0,0],"29":[0,0],"30":[0,0],"31":[0,0],"32":[0,0],"33":[0,0],"34":[0,0],"35":[0,0],"36":[0,0],"37":[0,1],"38":[0,1]},"meta":{"lastBranch":39,"lastFunction":7,"lastStatement":109,"seen":{"s:10:17:10:57":0,"s:11:19:11:58":1,"b:13:0:15:Infinity:undefined:undefined:undefined:undefined":0,"s:13:0:15:Infinity":2,"s:14:4:14:Infinity":3,"s:17:16:17:38":4,"s:19:14:22:2":5,"s:24:14:24:23":6,"s:27:0:50:Infinity":7,"f:27:58:27:63":0,"s:28:4:49:Infinity":8,"s:29:22:29:54":9,"b:29:22:29:47:29:51:29:54":1,"s:30:21:30:50":10,"b:30:21:30:45:30:49:30:50":2,"s:31:23:31:39":11,"s:33:23:33:25":12,"b:34:8:36:Infinity:undefined:undefined:undefined:undefined":3,"s:34:8:36:Infinity":13,"s:35:12:35:Infinity":14,"b:37:8:42:Infinity:undefined:undefined:undefined:undefined":4,"s:37:8:42:Infinity":15,"s:38:12:41:Infinity":16,"s:44:22:44:110":17,"s:45:22:45:56":18,"s:46:8:46:Infinity":19,"s:48:8:48:Infinity":20,"s:53:0:64:Infinity":21,"f:53:61:53:66":1,"s:54:4:63:Infinity":22,"s:55:22:55:44":23,"b:56:8:56:Infinity:undefined:undefined:undefined:undefined":5,"s:56:8:56:Infinity":24,"s:56:43:56:Infinity":25,"s:58:22:58:64":26,"b:59:8:59:Infinity:undefined:undefined:undefined:undefined":6,"s:59:8:59:Infinity":27,"s:59:20:59:Infinity":28,"s:60:8:60:Infinity":29,"s:62:8:62:Infinity":30,"s:67:0:78:Infinity":31,"f:67:24:67:29":2,"s:68:4:77:Infinity":32,"s:69:22:69:57":33,"b:70:8:70:Infinity:undefined:undefined:undefined:undefined":7,"s:70:8:70:Infinity":34,"b:70:12:70:18:70:22:70:33":8,"s:70:35:70:Infinity":35,"s:72:8:72:Infinity":36,"s:73:8:73:Infinity":37,"s:74:8:74:Infinity":38,"s:76:8:76:Infinity":39,"s:81:0:89:Infinity":40,"f:81:24:81:29":3,"s:82:4:88:Infinity":41,"s:83:22:83:153":42,"b:84:8:84:Infinity:undefined:undefined:undefined:undefined":9,"s:84:8:84:Infinity":43,"s:84:20:84:Infinity":44,"s:85:8:85:Infinity":45,"s:87:8:87:Infinity":46,"s:92:0:171:Infinity":47,"f:92:84:92:89":4,"s:93:4:170:Infinity":48,"b:94:8:94:Infinity:undefined:undefined:undefined:undefined":10,"s:94:8:94:Infinity":49,"b:94:12:94:21:94:25:94:38":11,"s:94:40:94:Infinity":50,"s:96:36:96:45":51,"b:97:8:134:Infinity:undefined:undefined:undefined:undefined":12,"s:97:8:134:Infinity":52,"b:97:12:97:20:97:24:97:62":13,"s:98:12:133:Infinity":53,"s:99:34:99:58":54,"s:100:16:100:Infinity":55,"s:101:16:101:Infinity":56,"s:103:30:103:44":57,"s:104:37:117:17":58,"s:119:16:119:Infinity":59,"s:120:16:125:Infinity":60,"b:121:20:124:Infinity:undefined:undefined:undefined:undefined":14,"s:121:20:124:Infinity":61,"s:122:24:122:Infinity":62,"s:123:24:123:Infinity":63,"b:126:16:130:Infinity:undefined:undefined:undefined:undefined":15,"s:126:16:130:Infinity":64,"b:127:20:129:Infinity:128:25:129:Infinity":16,"s:127:20:129:Infinity":65,"s:127:40:127:Infinity":66,"b:128:25:129:Infinity:129:25:129:Infinity":17,"s:128:25:129:Infinity":67,"s:128:45:128:Infinity":68,"s:129:25:129:Infinity":69,"s:132:16:132:Infinity":70,"s:136:25:136:134":71,"b:136:37:136:120:136:124:136:134":18,"s:138:22:155:10":72,"b:139:33:139:41:139:44:139:54":19,"b:140:37:140:58:140:62:140:90":20,"b:140:62:140:76:140:80:140:90":21,"b:141:33:141:50:141:53:141:67":22,"b:142:29:142:42:142:45:142:46":23,"b:143:17:143:29:143:33:143:35":24,"b:144:29:144:44:144:47:144:56":25,"b:148:19:148:33:148:37:148:39":26,"b:149:20:149:35:149:39:149:41":27,"b:150:24:150:43:150:47:150:49":28,"b:151:21:151:37:151:41:151:43":29,"b:152:25:152:45:152:49:152:51":30,"b:153:24:153:43:153:47:153:49":31,"b:154:53:154:69:154:73:154:97":32,"b:154:73:154:89:154:93:154:97":33,"b:157:8:159:Infinity:undefined:undefined:undefined:undefined":34,"s:157:8:159:Infinity":73,"s:158:12:158:Infinity":74,"s:161:8:161:Infinity":75,"s:164:29:164:45":76,"s:165:8:165:Infinity":77,"s:167:8:167:Infinity":78,"s:169:8:169:Infinity":79,"s:174:0:197:Infinity":80,"f:174:63:174:68":5,"s:175:4:196:Infinity":81,"s:177:8:177:Infinity":82,"s:178:8:178:Infinity":83,"s:179:8:179:Infinity":84,"s:180:8:180:Infinity":85,"s:181:8:181:Infinity":86,"s:182:8:182:Infinity":87,"s:183:8:183:Infinity":88,"s:185:22:185:44":89,"b:186:8:189:Infinity:undefined:undefined:undefined:undefined":35,"s:186:8:189:Infinity":90,"s:187:12:187:Infinity":91,"s:188:12:188:Infinity":92,"s:191:22:191:119":93,"b:192:8:192:Infinity:undefined:undefined:undefined:undefined":36,"s:192:8:192:Infinity":94,"s:192:20:192:Infinity":95,"s:193:8:193:Infinity":96,"s:195:8:195:Infinity":97,"s:200:0:215:Infinity":98,"f:200:66:200:71":6,"s:201:4:214:Infinity":99,"s:202:22:202:44":100,"b:203:8:203:Infinity:undefined:undefined:undefined:undefined":37,"s:203:8:203:Infinity":101,"s:203:43:203:Infinity":102,"s:205:22:205:48":103,"b:206:8:206:Infinity:undefined:undefined:undefined:undefined":38,"s:206:8:206:Infinity":104,"s:206:20:206:Infinity":105,"s:210:8:210:Infinity":106,"s:211:8:211:Infinity":107,"s:213:8:213:Infinity":108}}}
,"/home/holger/jdevel/goplantatree/homepage/backend/src/routes/offerings.js": {"path":"/home/holger/jdevel/goplantatree/homepage/backend/src/routes/offerings.js","statementMap":{"0":{"start":{"line":18,"column":23},"end":{"line":18,"column":25}},"1":{"start":{"line":19,"column":8},"end":{"line":19,"column":null}},"2":{"start":{"line":19,"column":47},"end":{"line":19,"column":null}},"3":{"start":{"line":20,"column":8},"end":{"line":20,"column":null}}},"fnMap":{"0":{"name":"(anonymous_0)","decl":{"start":{"line":17,"column":17},"end":{"line":17,"column":18}},"loc":{"start":{"line":17,"column":36},"end":{"line":21,"column":null}},"line":17}},"branchMap":{"0":{"loc":{"start":{"line":19,"column":8},"end":{"line":19,"column":null}},"type":"if","locations":[{"start":{"line":19,"column":8},"end":{"line":19,"column":null}},{"start":{},"end":{}}],"line":19}},"s":{"0":4,"1":4,"2":1,"3":4},"f":{"0":4},"b":{"0":[1,3]},"meta":{"lastBranch":1,"lastFunction":1,"lastStatement":4,"seen":{"f:17:17:17:18":0,"s:18:23:18:25":0,"b:19:8:19:Infinity:undefined:undefined:undefined:undefined":0,"s:19:8:19:Infinity":1,"s:19:47:19:Infinity":2,"s:20:8:20:Infinity":3}}}
,"/home/holger/jdevel/goplantatree/homepage/backend/src/routes/orders.js": {"path":"/home/holger/jdevel/goplantatree/homepage/backend/src/routes/orders.js","statementMap":{"0":{"start":{"line":14,"column":23},"end":{"line":14,"column":25}},"1":{"start":{"line":15,"column":8},"end":{"line":15,"column":null}},"2":{"start":{"line":15,"column":30},"end":{"line":15,"column":null}},"3":{"start":{"line":16,"column":8},"end":{"line":16,"column":null}},"4":{"start":{"line":18,"column":27},"end":{"line":21,"column":5}}},"fnMap":{"0":{"name":"(anonymous_0)","decl":{"start":{"line":13,"column":17},"end":{"line":13,"column":18}},"loc":{"start":{"line":13,"column":36},"end":{"line":17,"column":5}},"line":13},"1":{"name":"(anonymous_1)","decl":{"start":{"line":18,"column":16},"end":{"line":18,"column":17}},"loc":{"start":{"line":18,"column":27},"end":{"line":21,"column":5}},"line":18}},"branchMap":{"0":{"loc":{"start":{"line":15,"column":8},"end":{"line":15,"column":null}},"type":"if","locations":[{"start":{"line":15,"column":8},"end":{"line":15,"column":null}},{"start":{},"end":{}}],"line":15}},"s":{"0":1,"1":1,"2":0,"3":1,"4":1},"f":{"0":1,"1":1},"b":{"0":[0,1]},"meta":{"lastBranch":1,"lastFunction":2,"lastStatement":5,"seen":{"f:13:17:13:18":0,"s:14:23:14:25":0,"b:15:8:15:Infinity:undefined:undefined:undefined:undefined":0,"s:15:8:15:Infinity":1,"s:15:30:15:Infinity":2,"s:16:8:16:Infinity":3,"f:18:16:18:17":1,"s:18:27:21:5":4}}}
,"/home/holger/jdevel/goplantatree/homepage/backend/src/routes/pages.js": {"path":"/home/holger/jdevel/goplantatree/homepage/backend/src/routes/pages.js","statementMap":{"0":{"start":{"line":9,"column":23},"end":{"line":9,"column":25}},"1":{"start":{"line":10,"column":8},"end":{"line":12,"column":null}},"2":{"start":{"line":11,"column":12},"end":{"line":11,"column":null}},"3":{"start":{"line":13,"column":8},"end":{"line":13,"column":null}}},"fnMap":{"0":{"name":"(anonymous_0)","decl":{"start":{"line":8,"column":17},"end":{"line":8,"column":18}},"loc":{"start":{"line":8,"column":26},"end":{"line":14,"column":5}},"line":8}},"branchMap":{"0":{"loc":{"start":{"line":10,"column":8},"end":{"line":12,"column":null}},"type":"if","locations":[{"start":{"line":10,"column":8},"end":{"line":12,"column":null}},{"start":{},"end":{}}],"line":10},"1":{"loc":{"start":{"line":10,"column":12},"end":{"line":10,"column":68}},"type":"binary-expr","locations":[{"start":{"line":10,"column":12},"end":{"line":10,"column":21}},{"start":{"line":10,"column":25},"end":{"line":10,"column":68}}],"line":10}},"s":{"0":2,"1":2,"2":1,"3":2},"f":{"0":2},"b":{"0":[1,1],"1":[2,1]},"meta":{"lastBranch":2,"lastFunction":1,"lastStatement":4,"seen":{"f:8:17:8:18":0,"s:9:23:9:25":0,"b:10:8:12:Infinity:undefined:undefined:undefined:undefined":0,"s:10:8:12:Infinity":1,"b:10:12:10:21:10:25:10:68":1,"s:11:12:11:Infinity":2,"s:13:8:13:Infinity":3}}}
,"/home/holger/jdevel/goplantatree/homepage/backend/src/routes/posts.js": {"path":"/home/holger/jdevel/goplantatree/homepage/backend/src/routes/posts.js","statementMap":{"0":{"start":{"line":10,"column":23},"end":{"line":10,"column":25}},"1":{"start":{"line":11,"column":8},"end":{"line":11,"column":null}},"2":{"start":{"line":11,"column":28},"end":{"line":11,"column":null}},"3":{"start":{"line":14,"column":8},"end":{"line":16,"column":null}},"4":{"start":{"line":15,"column":12},"end":{"line":15,"column":null}},"5":{"start":{"line":17,"column":8},"end":{"line":17,"column":null}}},"fnMap":{"0":{"name":"(anonymous_0)","decl":{"start":{"line":9,"column":17},"end":{"line":9,"column":18}},"loc":{"start":{"line":9,"column":36},"end":{"line":18,"column":5}},"line":9}},"branchMap":{"0":{"loc":{"start":{"line":11,"column":8},"end":{"line":11,"column":null}},"type":"if","locations":[{"start":{"line":11,"column":8},"end":{"line":11,"column":null}},{"start":{},"end":{}}],"line":11},"1":{"loc":{"start":{"line":14,"column":8},"end":{"line":16,"column":null}},"type":"if","locations":[{"start":{"line":14,"column":8},"end":{"line":16,"column":null}},{"start":{},"end":{}}],"line":14},"2":{"loc":{"start":{"line":14,"column":12},"end":{"line":14,"column":68}},"type":"binary-expr","locations":[{"start":{"line":14,"column":12},"end":{"line":14,"column":21}},{"start":{"line":14,"column":25},"end":{"line":14,"column":68}}],"line":14}},"s":{"0":3,"1":3,"2":1,"3":3,"4":3,"5":3},"f":{"0":3},"b":{"0":[1,2],"1":[3,0],"2":[3,0]},"meta":{"lastBranch":3,"lastFunction":1,"lastStatement":6,"seen":{"f:9:17:9:18":0,"s:10:23:10:25":0,"b:11:8:11:Infinity:undefined:undefined:undefined:undefined":0,"s:11:8:11:Infinity":1,"s:11:28:11:Infinity":2,"b:14:8:16:Infinity:undefined:undefined:undefined:undefined":1,"s:14:8:16:Infinity":3,"b:14:12:14:21:14:25:14:68":2,"s:15:12:15:Infinity":4,"s:17:8:17:Infinity":5}}}
,"/home/holger/jdevel/goplantatree/homepage/backend/src/routes/profiles.js": {"path":"/home/holger/jdevel/goplantatree/homepage/backend/src/routes/profiles.js","statementMap":{},"fnMap":{},"branchMap":{},"s":{},"f":{},"b":{},"meta":{"lastBranch":0,"lastFunction":0,"lastStatement":0,"seen":{}}}
,"/home/holger/jdevel/goplantatree/homepage/backend/src/routes/projects.js": {"path":"/home/holger/jdevel/goplantatree/homepage/backend/src/routes/projects.js","statementMap":{"0":{"start":{"line":7,"column":24},"end":{"line":7,"column":40}}},"fnMap":{"0":{"name":"(anonymous_0)","decl":{"start":{"line":7,"column":17},"end":{"line":7,"column":18}},"loc":{"start":{"line":7,"column":24},"end":{"line":7,"column":40}},"line":7}},"branchMap":{},"s":{"0":1},"f":{"0":1},"b":{},"meta":{"lastBranch":0,"lastFunction":1,"lastStatement":1,"seen":{"f:7:17:7:18":0,"s:7:24:7:40":0}}}
,"/home/holger/jdevel/goplantatree/homepage/backend/src/routes/subscribers.js": {"path":"/home/holger/jdevel/goplantatree/homepage/backend/src/routes/subscribers.js","statementMap":{"0":{"start":{"line":5,"column":14},"end":{"line":16,"column":2}},"1":{"start":{"line":11,"column":23},"end":{"line":11,"column":25}},"2":{"start":{"line":12,"column":8},"end":{"line":12,"column":null}},"3":{"start":{"line":12,"column":29},"end":{"line":12,"column":null}},"4":{"start":{"line":13,"column":8},"end":{"line":13,"column":null}},"5":{"start":{"line":13,"column":47},"end":{"line":13,"column":null}},"6":{"start":{"line":14,"column":8},"end":{"line":14,"column":null}},"7":{"start":{"line":19,"column":0},"end":{"line":43,"column":null}},"8":{"start":{"line":20,"column":4},"end":{"line":42,"column":null}},"9":{"start":{"line":21,"column":24},"end":{"line":21,"column":39}},"10":{"start":{"line":22,"column":8},"end":{"line":29,"column":null}},"11":{"start":{"line":23,"column":28},"end":{"line":23,"column":76}},"12":{"start":{"line":24,"column":12},"end":{"line":28,"column":null}},"13":{"start":{"line":25,"column":16},"end":{"line":25,"column":null}},"14":{"start":{"line":27,"column":16},"end":{"line":27,"column":null}},"15":{"start":{"line":31,"column":27},"end":{"line":31,"column":50}},"16":{"start":{"line":32,"column":8},"end":{"line":32,"column":null}},"17":{"start":{"line":33,"column":8},"end":{"line":33,"column":null}},"18":{"start":{"line":35,"column":8},"end":{"line":40,"column":null}},"19":{"start":{"line":36,"column":12},"end":{"line":36,"column":null}},"20":{"start":{"line":37,"column":12},"end":{"line":37,"column":null}},"21":{"start":{"line":39,"column":12},"end":{"line":39,"column":null}},"22":{"start":{"line":41,"column":8},"end":{"line":41,"column":null}},"23":{"start":{"line":46,"column":0},"end":{"line":58,"column":null}},"24":{"start":{"line":47,"column":4},"end":{"line":57,"column":null}},"25":{"start":{"line":48,"column":27},"end":{"line":52,"column":9}},"26":{"start":{"line":53,"column":8},"end":{"line":53,"column":null}},"27":{"start":{"line":53,"column":25},"end":{"line":53,"column":null}},"28":{"start":{"line":54,"column":8},"end":{"line":54,"column":null}},"29":{"start":{"line":56,"column":8},"end":{"line":56,"column":null}}},"fnMap":{"0":{"name":"(anonymous_0)","decl":{"start":{"line":10,"column":17},"end":{"line":10,"column":18}},"loc":{"start":{"line":10,"column":36},"end":{"line":15,"column":null}},"line":10},"1":{"name":"(anonymous_1)","decl":{"start":{"line":19,"column":17},"end":{"line":19,"column":22}},"loc":{"start":{"line":19,"column":43},"end":{"line":43,"column":1}},"line":19},"2":{"name":"(anonymous_2)","decl":{"start":{"line":46,"column":30},"end":{"line":46,"column":35}},"loc":{"start":{"line":46,"column":56},"end":{"line":58,"column":1}},"line":46}},"branchMap":{"0":{"loc":{"start":{"line":12,"column":8},"end":{"line":12,"column":null}},"type":"if","locations":[{"start":{"line":12,"column":8},"end":{"line":12,"column":null}},{"start":{},"end":{}}],"line":12},"1":{"loc":{"start":{"line":13,"column":8},"end":{"line":13,"column":null}},"type":"if","locations":[{"start":{"line":13,"column":8},"end":{"line":13,"column":null}},{"start":{},"end":{}}],"line":13},"2":{"loc":{"start":{"line":22,"column":8},"end":{"line":29,"column":null}},"type":"if","locations":[{"start":{"line":22,"column":8},"end":{"line":29,"column":null}},{"start":{},"end":{}}],"line":22},"3":{"loc":{"start":{"line":22,"column":12},"end":{"line":22,"column":74}},"type":"binary-expr","locations":[{"start":{"line":22,"column":12},"end":{"line":22,"column":27}},{"start":{"line":22,"column":31},"end":{"line":22,"column":74}}],"line":22},"4":{"loc":{"start":{"line":24,"column":12},"end":{"line":28,"column":null}},"type":"if","locations":[{"start":{"line":24,"column":12},"end":{"line":28,"column":null}},{"start":{"line":26,"column":19},"end":{"line":28,"column":null}}],"line":24},"5":{"loc":{"start":{"line":35,"column":8},"end":{"line":40,"column":null}},"type":"if","locations":[{"start":{"line":35,"column":8},"end":{"line":40,"column":null}},{"start":{"line":38,"column":15},"end":{"line":40,"column":null}}],"line":35},"6":{"loc":{"start":{"line":53,"column":8},"end":{"line":53,"column":null}},"type":"if","locations":[{"start":{"line":53,"column":8},"end":{"line":53,"column":null}},{"start":{},"end":{}}],"line":53}},"s":{"0":10,"1":2,"2":2,"3":0,"4":2,"5":0,"6":2,"7":10,"8":4,"9":4,"10":4,"11":1,"12":1,"13":1,"14":0,"15":4,"16":4,"17":3,"18":1,"19":1,"20":1,"21":0,"22":1,"23":10,"24":2,"25":2,"26":2,"27":1,"28":1,"29":0},"f":{"0":2,"1":4,"2":2},"b":{"0":[0,2],"1":[0,2],"2":[1,3],"3":[4,4],"4":[1,0],"5":[1,0],"6":[1,1]},"meta":{"lastBranch":7,"lastFunction":3,"lastStatement":30,"seen":{"s:5:14:16:2":0,"f:10:17:10:18":0,"s:11:23:11:25":1,"b:12:8:12:Infinity:undefined:undefined:undefined:undefined":0,"s:12:8:12:Infinity":2,"s:12:29:12:Infinity":3,"b:13:8:13:Infinity:undefined:undefined:undefined:undefined":1,"s:13:8:13:Infinity":4,"s:13:47:13:Infinity":5,"s:14:8:14:Infinity":6,"s:19:0:43:Infinity":7,"f:19:17:19:22":1,"s:20:4:42:Infinity":8,"s:21:24:21:39":9,"b:22:8:29:Infinity:undefined:undefined:undefined:undefined":2,"s:22:8:29:Infinity":10,"b:22:12:22:27:22:31:22:74":3,"s:23:28:23:76":11,"b:24:12:28:Infinity:26:19:28:Infinity":4,"s:24:12:28:Infinity":12,"s:25:16:25:Infinity":13,"s:27:16:27:Infinity":14,"s:31:27:31:50":15,"s:32:8:32:Infinity":16,"s:33:8:33:Infinity":17,"b:35:8:40:Infinity:38:15:40:Infinity":5,"s:35:8:40:Infinity":18,"s:36:12:36:Infinity":19,"s:37:12:37:Infinity":20,"s:39:12:39:Infinity":21,"s:41:8:41:Infinity":22,"s:46:0:58:Infinity":23,"f:46:30:46:35":2,"s:47:4:57:Infinity":24,"s:48:27:52:9":25,"b:53:8:53:Infinity:undefined:undefined:undefined:undefined":6,"s:53:8:53:Infinity":26,"s:53:25:53:Infinity":27,"s:54:8:54:Infinity":28,"s:56:8:56:Infinity":29}}}
,"/home/holger/jdevel/goplantatree/homepage/backend/src/routes/trees.js": {"path":"/home/holger/jdevel/goplantatree/homepage/backend/src/routes/trees.js","statementMap":{"0":{"start":{"line":9,"column":23},"end":{"line":9,"column":25}},"1":{"start":{"line":10,"column":8},"end":{"line":10,"column":null}},"2":{"start":{"line":10,"column":32},"end":{"line":10,"column":null}},"3":{"start":{"line":11,"column":8},"end":{"line":11,"column":null}}},"fnMap":{"0":{"name":"(anonymous_0)","decl":{"start":{"line":8,"column":17},"end":{"line":8,"column":18}},"loc":{"start":{"line":8,"column":26},"end":{"line":12,"column":5}},"line":8}},"branchMap":{"0":{"loc":{"start":{"line":10,"column":8},"end":{"line":10,"column":null}},"type":"if","locations":[{"start":{"line":10,"column":8},"end":{"line":10,"column":null}},{"start":{},"end":{}}],"line":10}},"s":{"0":1,"1":1,"2":0,"3":1},"f":{"0":1},"b":{"0":[0,1]},"meta":{"lastBranch":1,"lastFunction":1,"lastStatement":4,"seen":{"f:8:17:8:18":0,"s:9:23:9:25":0,"b:10:8:10:Infinity:undefined:undefined:undefined:undefined":0,"s:10:8:10:Infinity":1,"s:10:32:10:Infinity":2,"s:11:8:11:Infinity":3}}}
,"/home/holger/jdevel/goplantatree/homepage/backend/src/routes/users.js": {"path":"/home/holger/jdevel/goplantatree/homepage/backend/src/routes/users.js","statementMap":{"0":{"start":{"line":5,"column":14},"end":{"line":12,"column":2}},"1":{"start":{"line":15,"column":0},"end":{"line":38,"column":null}},"2":{"start":{"line":16,"column":4},"end":{"line":37,"column":null}},"3":{"start":{"line":17,"column":22},"end":{"line":17,"column":44}},"4":{"start":{"line":18,"column":8},"end":{"line":21,"column":null}},"5":{"start":{"line":19,"column":12},"end":{"line":19,"column":null}},"6":{"start":{"line":20,"column":12},"end":{"line":20,"column":null}},"7":{"start":{"line":23,"column":8},"end":{"line":25,"column":null}},"8":{"start":{"line":24,"column":12},"end":{"line":24,"column":null}},"9":{"start":{"line":27,"column":28},"end":{"line":27,"column":53}},"10":{"start":{"line":28,"column":8},"end":{"line":28,"column":null}},"11":{"start":{"line":28,"column":26},"end":{"line":28,"column":null}},"12":{"start":{"line":30,"column":8},"end":{"line":30,"column":null}},"13":{"start":{"line":31,"column":8},"end":{"line":31,"column":null}},"14":{"start":{"line":33,"column":8},"end":{"line":33,"column":null}},"15":{"start":{"line":35,"column":8},"end":{"line":35,"column":null}},"16":{"start":{"line":36,"column":8},"end":{"line":36,"column":null}}},"fnMap":{"0":{"name":"(anonymous_0)","decl":{"start":{"line":15,"column":63},"end":{"line":15,"column":68}},"loc":{"start":{"line":15,"column":89},"end":{"line":38,"column":1}},"line":15}},"branchMap":{"0":{"loc":{"start":{"line":18,"column":8},"end":{"line":21,"column":null}},"type":"if","locations":[{"start":{"line":18,"column":8},"end":{"line":21,"column":null}},{"start":{},"end":{}}],"line":18},"1":{"loc":{"start":{"line":23,"column":8},"end":{"line":25,"column":null}},"type":"if","locations":[{"start":{"line":23,"column":8},"end":{"line":25,"column":null}},{"start":{},"end":{}}],"line":23},"2":{"loc":{"start":{"line":28,"column":8},"end":{"line":28,"column":null}},"type":"if","locations":[{"start":{"line":28,"column":8},"end":{"line":28,"column":null}},{"start":{},"end":{}}],"line":28}},"s":{"0":10,"1":10,"2":0,"3":0,"4":0,"5":0,"6":0,"7":0,"8":0,"9":0,"10":0,"11":0,"12":0,"13":0,"14":0,"15":0,"16":0},"f":{"0":0},"b":{"0":[0,0],"1":[0,0],"2":[0,0]},"meta":{"lastBranch":3,"lastFunction":1,"lastStatement":17,"seen":{"s:5:14:12:2":0,"s:15:0:38:Infinity":1,"f:15:63:15:68":0,"s:16:4:37:Infinity":2,"s:17:22:17:44":3,"b:18:8:21:Infinity:undefined:undefined:undefined:undefined":0,"s:18:8:21:Infinity":4,"s:19:12:19:Infinity":5,"s:20:12:20:Infinity":6,"b:23:8:25:Infinity:undefined:undefined:undefined:undefined":1,"s:23:8:25:Infinity":7,"s:24:12:24:Infinity":8,"s:27:28:27:53":9,"b:28:8:28:Infinity:undefined:undefined:undefined:undefined":2,"s:28:8:28:Infinity":10,"s:28:26:28:Infinity":11,"s:30:8:30:Infinity":12,"s:31:8:31:Infinity":13,"s:33:8:33:Infinity":14,"s:35:8:35:Infinity":15,"s:36:8:36:Infinity":16}}}
[...]
cl":{"start":{"line":59,"column":32},"end":{"line":59,"column":33}},"loc":{"start":{"line":59,"column":71},"end":{"line":235,"column":1}},"line":59},"4":{"name":"(anonymous_4)","decl":{"start":{"line":65,"column":22},"end":{"line":65,"column":23}},"loc":{"start":{"line":65,"column":29},"end":{"line":65,"column":31}},"line":65},"5":{"name":"(anonymous_5)","decl":{"start":{"line":79,"column":23},"end":{"line":79,"column":24}},"loc":{"start":{"line":79,"column":44},"end":{"line":87,"column":5}},"line":79},"6":{"name":"(anonymous_6)","decl":{"start":{"line":91,"column":43},"end":{"line":91,"column":48}},"loc":{"start":{"line":91,"column":69},"end":{"line":127,"column":9}},"line":91},"7":{"name":"(anonymous_7)","decl":{"start":{"line":132,"column":58},"end":{"line":132,"column":63}},"loc":{"start":{"line":132,"column":84},"end":{"line":154,"column":9}},"line":132},"8":{"name":"(anonymous_8)","decl":{"start":{"line":163,"column":46},"end":{"line":163,"column":51}},"loc":{"start":{"line":163,"column":72},"end":{"line":194,"column":9}},"line":163},"9":{"name":"(anonymous_9)","decl":{"start":{"line":184,"column":67},"end":{"line":184,"column":70}},"loc":{"start":{"line":184,"column":74},"end":{"line":184,"column":85}},"line":184},"10":{"name":"(anonymous_10)","decl":{"start":{"line":199,"column":76},"end":{"line":199,"column":81}},"loc":{"start":{"line":199,"column":102},"end":{"line":215,"column":9}},"line":199},"11":{"name":"(anonymous_11)","decl":{"start":{"line":220,"column":79},"end":{"line":220,"column":84}},"loc":{"start":{"line":220,"column":105},"end":{"line":231,"column":9}},"line":220}},"branchMap":{"0":{"loc":{"start":{"line":14,"column":8},"end":{"line":14,"column":null}},"type":"if","locations":[{"start":{"line":14,"column":8},"end":{"line":14,"column":null}},{"start":{},"end":{}}],"line":14},"1":{"loc":{"start":{"line":17,"column":8},"end":{"line":23,"column":null}},"type":"if","locations":[{"start":{"line":17,"column":8},"end":{"line":23,"column":null}},{"start":{"line":19,"column":15},"end":{"line":23,"column":null}}],"line":17},"2":{"loc":{"start":{"line":22,"column":12},"end":{"line":22,"column":null}},"type":"if","locations":[{"start":{"line":22,"column":12},"end":{"line":22,"column":null}},{"start":{},"end":{}}],"line":22},"3":{"loc":{"start":{"line":32,"column":4},"end":{"line":32,"column":null}},"type":"if","locations":[{"start":{"line":32,"column":4},"end":{"line":32,"column":null}},{"start":{},"end":{}}],"line":32},"4":{"loc":{"start":{"line":33,"column":4},"end":{"line":37,"column":null}},"type":"if","locations":[{"start":{"line":33,"column":4},"end":{"line":37,"column":null}},{"start":{"line":35,"column":11},"end":{"line":37,"column":null}}],"line":33},"5":{"loc":{"start":{"line":59,"column":54},"end":{"line":59,"column":66}},"type":"default-arg","locations":[{"start":{"line":59,"column":64},"end":{"line":59,"column":66}}],"line":59},"6":{"loc":{"start":{"line":62,"column":8},"end":{"line":62,"column":26}},"type":"default-arg","locations":[{"start":{"line":62,"column":21},"end":{"line":62,"column":26}}],"line":62},"7":{"loc":{"start":{"line":63,"column":8},"end":{"line":63,"column":28}},"type":"default-arg","locations":[{"start":{"line":63,"column":23},"end":{"line":63,"column":28}}],"line":63},"8":{"loc":{"start":{"line":64,"column":8},"end":{"line":64,"column":27}},"type":"default-arg","locations":[{"start":{"line":64,"column":22},"end":{"line":64,"column":27}}],"line":64},"9":{"loc":{"start":{"line":65,"column":8},"end":{"line":65,"column":32}},"type":"default-arg","locations":[{"start":{"line":65,"column":22},"end":{"line":65,"column":32}}],"line":65},"10":{"loc":{"start":{"line":66,"column":8},"end":{"line":66,"column":26}},"type":"default-arg","locations":[{"start":{"line":66,"column":24},"end":{"line":66,"column":26}}],"line":66},"11":{"loc":{"start":{"line":67,"column":8},"end":{"line":67,"column":25}},"type":"default-arg","locations":[{"start":{"line":67,"column":15},"end":{"line":67,"column":25}}],"line":67},"12":{"loc":{"start":{"line":68,"column":8},"end":{"line":68,"column":21}},"type":"default-arg","locations":[{"start":{"line":68,"column":19},"end":{"line":68,"column":21}}],"line":68},"13":{"loc":{"start":{"line":69,"column":8},"end":{"line":69,"column":26}},"type":"default-arg","locations":[{"start":{"line":69,"column":21},"end":{"line":69,"column":26}}],"line":69},"14":{"loc":{"start":{"line":72,"column":8},"end":{"line":72,"column":null}},"type":"default-arg","locations":[{"start":{"line":72,"column":24},"end":{"line":72,"column":null}}],"line":72},"15":{"loc":{"start":{"line":75,"column":27},"end":{"line":77,"column":57}},"type":"cond-expr","locations":[{"start":{"line":76,"column":10},"end":{"line":76,"column":24}},{"start":{"line":77,"column":10},"end":{"line":77,"column":57}}],"line":75},"16":{"loc":{"start":{"line":79,"column":29},"end":{"line":79,"column":39}},"type":"default-arg","locations":[{"start":{"line":79,"column":37},"end":{"line":79,"column":39}}],"line":79},"17":{"loc":{"start":{"line":80,"column":8},"end":{"line":85,"column":null}},"type":"if","locations":[{"start":{"line":80,"column":8},"end":{"line":85,"column":null}},{"start":{},"end":{}}],"line":80},"18":{"loc":{"start":{"line":80,"column":12},"end":{"line":80,"column":62}},"type":"binary-expr","locations":[{"start":{"line":80,"column":12},"end":{"line":80,"column":41}},{"start":{"line":80,"column":45},"end":{"line":80,"column":62}}],"line":80},"19":{"loc":{"start":{"line":82,"column":12},"end":{"line":84,"column":null}},"type":"if","locations":[{"start":{"line":82,"column":12},"end":{"line":84,"column":null}},{"start":{},"end":{}}],"line":82},"20":{"loc":{"start":{"line":82,"column":16},"end":{"line":82,"column":50}},"type":"binary-expr","locations":[{"start":{"line":82,"column":16},"end":{"line":82,"column":37}},{"start":{"line":82,"column":41},"end":{"line":82,"column":50}}],"line":82},"21":{"loc":{"start":{"line":83,"column":16},"end":{"line":83,"column":null}},"type":"if","locations":[{"start":{"line":83,"column":16},"end":{"line":83,"column":null}},{"start":{},"end":{}}],"line":83},"22":{"loc":{"start":{"line":90,"column":4},"end":{"line":128,"column":null}},"type":"if","locations":[{"start":{"line":90,"column":4},"end":{"line":128,"column":null}},{"start":{},"end":{}}],"line":90},"23":{"loc":{"start":{"line":101,"column":16},"end":{"line":105,"column":null}},"type":"if","locations":[{"start":{"line":101,"column":16},"end":{"line":105,"column":null}},{"start":{"line":103,"column":23},"end":{"line":105,"column":null}}],"line":101},"24":{"loc":{"start":{"line":101,"column":20},"end":{"line":101,"column":101}},"type":"binary-expr","locations":[{"start":{"line":101,"column":20},"end":{"line":101,"column":44}},{"start":{"line":101,"column":48},"end":{"line":101,"column":101}}],"line":101},"25":{"loc":{"start":{"line":110,"column":30},"end":{"line":110,"column":81}},"type":"binary-expr","locations":[{"start":{"line":110,"column":30},"end":{"line":110,"column":55}},{"start":{"line":110,"column":60},"end":{"line":110,"column":80}}],"line":110},"26":{"loc":{"start":{"line":110,"column":60},"end":{"line":110,"column":80}},"type":"cond-expr","locations":[{"start":{"line":110,"column":73},"end":{"line":110,"column":76}},{"start":{"line":110,"column":79},"end":{"line":110,"column":80}}],"line":110},"27":{"loc":{"start":{"line":111,"column":29},"end":{"line":111,"column":58}},"type":"binary-expr","locations":[{"start":{"line":111,"column":29},"end":{"line":111,"column":53}},{"start":{"line":111,"column":57},"end":{"line":111,"column":58}}],"line":111},"28":{"loc":{"start":{"line":113,"column":16},"end":{"line":113,"column":null}},"type":"if","locations":[{"start":{"line":113,"column":16},"end":{"line":113,"column":null}},{"start":{},"end":{}}],"line":113},"29":{"loc":{"start":{"line":114,"column":16},"end":{"line":114,"column":null}},"type":"if","locations":[{"start":{"line":114,"column":16},"end":{"line":114,"column":null}},{"start":{},"end":{}}],"line":114},"30":{"loc":{"start":{"line":118,"column":16},"end":{"line":123,"column":null}},"type":"if","locations":[{"start":{"line":118,"column":16},"end":{"line":123,"column":null}},{"start":{"line":121,"column":23},"end":{"line":123,"column":null}}],"line":118},"31":{"loc":{"start":{"line":131,"column":4},"end":{"line":155,"column":null}},"type":"if","locations":[{"start":{"line":131,"column":4},"end":{"line":155,"column":null}},{"start":{},"end":{}}],"line":131},"32":{"loc":{"start":{"line":137,"column":16},"end":{"line":141,"column":null}},"type":"if","locations":[{"start":{"line":137,"column":16},"end":{"line":141,"column":null}},{"start":{"line":139,"column":23},"end":{"line":141,"column":null}}],"line":137},"33":{"loc":{"start":{"line":137,"column":20},"end":{"line":137,"column":80}},"type":"binary-expr","locations":[{"start":{"line":137,"column":20},"end":{"line":137,"column":41}},{"start":{"line":137,"column":45},"end":{"line":137,"column":80}}],"line":137},"34":{"loc":{"start":{"line":149,"column":16},"end":{"line":149,"column":null}},"type":"if","locations":[{"start":{"line":149,"column":16},"end":{"line":149,"column":null}},{"start":{},"end":{}}],"line":149},"35":{"loc":{"start":{"line":158,"column":4},"end":{"line":195,"column":null}},"type":"if","locations":[{"start":{"line":158,"column":4},"end":{"line":195,"column":null}},{"start":{},"end":{}}],"line":158},"36":{"loc":{"start":{"line":159,"column":33},"end":{"line":161,"column":63}},"type":"cond-expr","locations":[{"start":{"line":160,"column":14},"end":{"line":160,"column":null}},{"start":{"line":161,"column":14},"end":{"line":161,"column":63}}],"line":159},"37":{"loc":{"start":{"line":166,"column":16},"end":{"line":168,"column":null}},"type":"if","locations":[{"start":{"line":166,"column":16},"end":{"line":168,"column":null}},{"start":{},"end":{}}],"line":166},"38":{"loc":{"start":{"line":166,"column":20},"end":{"line":166,"column":87}},"type":"binary-expr","locations":[{"start":{"line":166,"column":20},"end":{"line":166,"column":33}},{"start":{"line":166,"column":37},"end":{"line":166,"column":66}},{"start":{"line":166,"column":70},"end":{"line":166,"column":87}}],"line":166},"39":{"loc":{"start":{"line":172,"column":16},"end":{"line":172,"column":null}},"type":"if","locations":[{"start":{"line":172,"column":16},"end":{"line":172,"column":null}},{"start":{},"end":{}}],"line":172},"40":{"loc":{"start":{"line":176,"column":16},"end":{"line":179,"column":null}},"type":"if","locations":[{"start":{"line":176,"column":16},"end":{"line":179,"column":null}},{"start":{},"end":{}}],"line":176},"41":{"loc":{"start":{"line":178,"column":20},"end":{"line":178,"column":null}},"type":"if","locations":[{"start":{"line":178,"column":20},"end":{"line":178,"column":null}},{"start":{},"end":{}}],"line":178},"42":{"loc":{"start":{"line":183,"column":16},"end":{"line":186,"column":null}},"type":"if","locations":[{"start":{"line":183,"column":16},"end":{"line":186,"column":null}},{"start":{},"end":{}}],"line":183},"43":{"loc":{"start":{"line":187,"column":16},"end":{"line":190,"column":null}},"type":"if","locations":[{"start":{"line":187,"column":16},"end":{"line":190,"column":null}},{"start":{},"end":{}}],"line":187},"44":{"loc":{"start":{"line":191,"column":29},"end":{"line":191,"column":46}},"type":"binary-expr","locations":[{"start":{"line":191,"column":29},"end":{"line":191,"column":39}},{"start":{"line":191,"column":43},"end":{"line":191,"column":46}}],"line":191},"45":{"loc":{"start":{"line":198,"column":4},"end":{"line":216,"column":null}},"type":"if","locations":[{"start":{"line":198,"column":4},"end":{"line":216,"column":null}},{"start":{},"end":{}}],"line":198},"46":{"loc":{"start":{"line":204,"column":16},"end":{"line":206,"column":null}},"type":"if","locations":[{"start":{"line":204,"column":16},"end":{"line":206,"column":null}},{"start":{},"end":{}}],"line":204},"47":{"loc":{"start":{"line":204,"column":20},"end":{"line":204,"column":70}},"type":"binary-expr","locations":[{"start":{"line":204,"column":20},"end":{"line":204,"column":49}},{"start":{"line":204,"column":53},"end":{"line":204,"column":70}}],"line":204},"48":{"loc":{"start":{"line":209,"column":16},"end":{"line":209,"column":null}},"type":"if","locations":[{"start":{"line":209,"column":16},"end":{"line":209,"column":null}},{"start":{},"end":{}}],"line":209},"49":{"loc":{"start":{"line":219,"column":4},"end":{"line":232,"column":null}},"type":"if","locations":[{"start":{"line":219,"column":4},"end":{"line":232,"column":null}},{"start":{},"end":{}}],"line":219},"50":{"loc":{"start":{"line":226,"column":16},"end":{"line":226,"column":null}},"type":"if","locations":[{"start":{"line":226,"column":16},"end":{"line":226,"column":null}},{"start":{},"end":{}}],"line":226}},"s":{"0":10,"1":14,"2":14,"3":10,"4":10,"5":7,"6":3,"7":0,"8":3,"9":3,"10":3,"11":3,"12":14,"13":10,"14":21,"15":0,"16":21,"17":12,"18":28,"19":9,"20":21,"21":10,"22":90,"23":90,"24":0,"25":90,"26":90,"27":26,"28":0,"29":0,"30":0,"31":0,"32":26,"33":90,"34":90,"35":14,"36":14,"37":14,"38":14,"39":14,"40":0,"41":14,"42":14,"43":14,"44":14,"45":14,"46":14,"47":0,"48":14,"49":1,"50":14,"51":14,"52":1,"53":1,"54":13,"55":0,"56":90,"57":80,"58":7,"59":7,"60":7,"61":7,"62":0,"63":7,"64":7,"65":7,"66":7,"67":7,"68":7,"69":4,"70":3,"71":0,"72":90,"73":80,"74":80,"75":7,"76":7,"77":7,"78":0,"79":7,"80":7,"81":0,"82":7,"83":5,"84":1,"85":1,"86":1,"87":4,"88":2,"89":2,"90":7,"91":2,"92":0,"93":0,"94":0,"95":0,"96":2,"97":90,"98":70,"99":1,"100":1,"101":1,"102":1,"103":0,"104":1,"105":1,"106":0,"107":1,"108":0,"109":0,"110":90,"111":90,"112":4,"113":4,"114":4,"115":4,"116":4,"117":0,"118":4,"119":0,"120":90},"f":{"0":14,"1":21,"2":28,"3":90,"4":0,"5":26,"6":14,"7":7,"8":7,"9":7,"10":1,"11":4},"b":{"0":[7,3],"1":[0,3],"2":[3,0],"3":[0,21],"4":[12,9],"5":[90],"6":[90],"7":[90],"8":[90],"9":[0],"10":[90],"11":[90],"12":[90],"13":[90],"14":[90],"15":[50,40],"16":[26],"17":[0,26],"18":[26,0],"19":[0,0],"20":[0,0],"21":[0,0],"22":[90,0],"23":[0,14],"24":[14,0],"25":[14,14],"26":[1,13],"27":[14,14],"28":[0,14],"29":[1,13],"30":[1,13],"31":[80,10],"32":[0,7],"33":[7,7],"34":[4,3],"35":[80,10],"36":[10,70],"37":[0,7],"38":[7,5,0],"39":[0,7],"40":[1,4],"41":[1,0],"42":[2,0],"43":[0,0],"44":[0,0],"45":[70,20],"46":[0,1],"47":[1,0],"48":[0,1],"49":[90,0],"50":[0,4]},"meta":{"lastBranch":51,"lastFunction":12,"lastStatement":121,"seen":{"s:10:27:26:1":0,"f:10:27:10:32":0,"s:11:21:11:23":1,"s:12:4:24:Infinity":2,"s:13:20:13:36":3,"b:14:8:14:Infinity:undefined:undefined:undefined:undefined":0,"s:14:8:14:Infinity":4,"s:14:18:14:Infinity":5,"b:17:8:23:Infinity:19:15:23:Infinity":1,"s:17:8:23:Infinity":6,"s:18:12:18:Infinity":7,"s:20:29:20:57":8,"s:21:24:21:77":9,"b:22:12:22:Infinity:undefined:undefined:undefined:undefined":2,"s:22:12:22:Infinity":10,"s:22:21:22:Infinity":11,"s:25:4:25:Infinity":12,"s:31:22:39:1":13,"f:31:22:31:23":1,"b:32:4:32:Infinity:undefined:undefined:undefined:undefined":3,"s:32:4:32:Infinity":14,"s:32:19:32:Infinity":15,"b:33:4:37:Infinity:35:11:37:Infinity":4,"s:33:4:37:Infinity":16,"s:34:8:34:Infinity":17,"f:34:25:34:26":2,"s:34:30:34:55":18,"s:36:8:36:Infinity":19,"s:38:4:38:Infinity":20,"s:59:32:235:1":21,"f:59:32:59:33":3,"b:59:64:59:66":5,"s:60:18:60:27":22,"s:73:8:73:15":23,"b:62:21:62:26":6,"b:63:23:63:28":7,"b:64:22:64:27":8,"b:65:22:65:32":9,"f:65:22:65:23":4,"s:65:29:65:31":24,"b:66:24:66:26":10,"b:67:15:67:25":11,"b:68:19:68:21":12,"b:69:21:69:26":13,"b:72:24:72:Infinity":14,"s:75:27:77:57":25,"b:76:10:76:24:77:10:77:57":15,"s:79:23:87:5":26,"f:79:23:79:24":5,"b:79:37:79:39":16,"b:80:8:85:Infinity:undefined:undefined:undefined:undefined":17,"s:80:8:85:Infinity":27,"b:80:12:80:41:80:45:80:62":18,"s:81:12:81:Infinity":28,"b:82:12:84:Infinity:undefined:undefined:undefined:undefined":19,"s:82:12:84:Infinity":29,"b:82:16:82:37:82:41:82:50":20,"b:83:16:83:Infinity:undefined:undefined:undefined:undefined":21,"s:83:16:83:Infinity":30,"s:83:51:83:Infinity":31,"s:86:8:86:Infinity":32,"b:90:4:128:Infinity:undefined:undefined:undefined:undefined":22,"s:90:4:128:Infinity":33,"s:91:8:127:Infinity":34,"f:91:43:91:48":6,"s:92:12:126:Infinity":35,"s:94:36:94:80":36,"s:96:29:96:64":37,"s:99:16:99:Infinity":38,"b:101:16:105:Infinity:103:23:105:Infinity":23,"s:101:16:105:Infinity":39,"b:101:20:101:44:101:48:101:101":24,"s:102:20:102:Infinity":40,"s:104:20:104:Infinity":41,"s:107:28:107:57":42,"s:108:16:108:Infinity":43,"s:110:30:110:81":44,"b:110:30:110:55:110:60:110:80":25,"b:110:73:110:76:110:79:110:80":26,"s:111:29:111:58":45,"b:111:29:111:53:111:57:111:58":27,"b:113:16:113:Infinity:undefined:undefined:undefined:undefined":28,"s:113:16:113:Infinity":46,"s:113:26:113:Infinity":47,"b:114:16:114:Infinity:undefined:undefined:undefined:undefined":29,"s:114:16:114:Infinity":48,"s:114:27:114:Infinity":49,"s:116:30:116:41":50,"b:118:16:123:Infinity:121:23:123:Infinity":30,"s:118:16:123:Infinity":51,"s:119:34:119:68":52,"s:120:20:120:Infinity":53,"s:122:20:122:Infinity":54,"s:125:16:125:Infinity":55,"b:131:4:155:Infinity:undefined:undefined:undefined:undefined":31,"s:131:4:155:Infinity":56,"s:132:8:154:Infinity":57,"f:132:58:132:63":7,"s:133:12:153:Infinity":58,"s:134:33:134:56":59,"s:135:31:135:33":60,"b:137:16:141:Infinity:139:23:141:Infinity":32,"s:137:16:141:Infinity":61,"b:137:20:137:41:137:45:137:80":33,"s:138:20:138:Infinity":62,"s:140:20:140:Infinity":63,"s:143:16:143:Infinity":64,"s:145:28:145:51":65,"s:146:16:146:Infinity":66,"s:148:29:148:40":67,"b:149:16:149:Infinity:undefined:undefined:undefined:undefined":34,"s:149:16:149:Infinity":68,"s:149:27:149:Infinity":69,"s:150:16:150:Infinity":70,"s:152:16:152:Infinity":71,"b:158:4:195:Infinity:undefined:undefined:undefined:undefined":35,"s:158:4:195:Infinity":72,"s:159:33:161:63":73,"b:160:14:160:Infinity:161:14:161:63":36,"s:163:8:194:Infinity":74,"f:163:46:163:51":8,"s:164:12:193:Infinity":75,"s:165:29:165:44":76,"b:166:16:168:Infinity:undefined:undefined:undefined:undefined":37,"s:166:16:168:Infinity":77,"b:166:20:166:33:166:37:166:66:166:70:166:87":38,"s:167:20:167:Infinity":78,"s:170:29:170:44":79,"b:172:16:172:Infinity:undefined:undefined:undefined:undefined":39,"s:172:16:172:Infinity":80,"s:172:31:172:Infinity":81,"s:174:16:174:Infinity":82,"b:176:16:179:Infinity:undefined:undefined:undefined:undefined":40,"s:176:16:179:Infinity":83,"s:177:37:177:64":84,"b:178:20:178:Infinity:undefined:undefined:undefined:undefined":41,"s:178:20:178:Infinity":85,"s:178:34:178:Infinity":86,"s:181:16:181:Infinity":87,"b:183:16:186:Infinity:undefined:undefined:undefined:undefined":42,"s:183:16:186:Infinity":88,"s:184:37:184:86":89,"f:184:67:184:70":9,"s:184:74:184:85":90,"s:185:20:185:Infinity":91,"b:187:16:190:Infinity:undefined:undefined:undefined:undefined":43,"s:187:16:190:Infinity":92,"s:188:20:188:Infinity":93,"s:189:20:189:Infinity":94,"s:191:16:191:Infinity":95,"b:191:29:191:39:191:43:191:46":44,"s:192:16:192:Infinity":96,"b:198:4:216:Infinity:undefined:undefined:undefined:undefined":45,"s:198:4:216:Infinity":97,"s:199:8:215:Infinity":98,"f:199:76:199:81":10,"s:200:12:214:Infinity":99,"s:201:31:201:53":100,"s:202:16:202:Infinity":101,"b:204:16:206:Infinity:undefined:undefined:undefined:undefined":46,"s:204:16:206:Infinity":102,"b:204:20:204:49:204:53:204:70":47,"s:205:20:205:Infinity":103,"s:208:29:208:113":104,"b:209:16:209:Infinity:undefined:undefined:undefined:undefined":48,"s:209:16:209:Infinity":105,"s:209:27:209:Infinity":106,"s:210:16:210:Infinity":107,"s:212:16:212:Infinity":108,"s:213:16:213:Infinity":109,"b:219:4:232:Infinity:undefined:undefined:undefined:undefined":49,"s:219:4:232:Infinity":110,"s:220:8:231:Infinity":111,"f:220:79:220:84":11,"s:221:12:230:Infinity":112,"s:222:31:222:53":113,"s:223:16:223:Infinity":114,"s:225:29:225:67":115,"b:226:16:226:Infinity:undefined:undefined:undefined:undefined":50,"s:226:16:226:Infinity":116,"s:226:27:226:Infinity":117,"s:227:16:227:Infinity":118,"s:229:16:229:Infinity":119,"s:234:4:234:Infinity":120}}}
}
